[90m[0272][0m [32m INFO[0m [goim/im.routeChat.func2:117] on connection
[90m[0272][0m [32m INFO[0m [goim/im.routeChat.func2.1:120] login:999999
[90m[0272][0m [32m INFO[0m [goim/db.initMysql:29] mysql:root:admin@tcp(0.0.0.0:3307)/goim?charset=utf8
[90m[0272][0m [32m INFO[0m [goim/db.initMongo:28] mongo:%s0.0.0.0:27017
[90m[0291][0m [32m INFO[0m [goim/im.routeChat.func2.3:150] emit:{"uid":"999999","to":"888888","msg":"你好","msgType":1}
[90m[0757][0m [32m INFO[0m [goim/im.routeChat.func2:117] on connection
[90m[0758][0m [32m INFO[0m [goim/im.routeChat.func2.1:120] login:999999
[90m[0776][0m [32m INFO[0m [goim/im.routeChat.func2.3:150] emit:{"uid":"999999","to":"888888","msg":"你好，我是普罗米修斯。","msgType":1}
[90m[0786][0m [32m INFO[0m [goim/im.routeChat.func2.3:150] emit:{"uid":"999999","to":"888888","msg":"你好我是阿米尔","msgType":1}
[90m[0803][0m [32m INFO[0m [goim/im.routeChat.func2.2:141] on disconnect
[90m[0805][0m [32m INFO[0m [goim/im.routeChat.func2:117] on connection
[90m[0805][0m [32m INFO[0m [goim/im.routeChat.func2.1:120] login:999999
[90m[0815][0m [32m INFO[0m [goim/im.routeChat.func2.3:150] emit:{"uid":"999999","to":"888888","msg":"你好，我是amier","msgType":1}
[90m[0818][0m [32m INFO[0m [goim/im.routeChat.func2.2:141] on disconnect
[90m[0819][0m [32m INFO[0m [goim/im.routeChat.func2:117] on connection
[90m[0820][0m [32m INFO[0m [goim/im.routeChat.func2.1:120] login:999999
[90m[0823][0m [32m INFO[0m [goim/im.routeChat.func2.3:150] emit:{"uid":"999999","to":"888888","msg":"。。。。","msgType":1}
[90m[0828][0m [32m INFO[0m [goim/im.routeChat.func2.2:141] on disconnect
[90m[0829][0m [32m INFO[0m [goim/im.routeChat.func2:117] on connection
[90m[0829][0m [32m INFO[0m [goim/im.routeChat.func2.1:120] login:999999
[90m[0831][0m [32m INFO[0m [goim/im.routeChat.func2.2:141] on disconnect
[90m[0832][0m [32m INFO[0m [goim/im.routeChat.func2:117] on connection
[90m[0833][0m [32m INFO[0m [goim/im.routeChat.func2.1:120] login:999999
[90m[0833][0m [32m INFO[0m [goim/im.routeChat.func2.2:141] on disconnect
[90m[0834][0m [32m INFO[0m [goim/im.routeChat.func2:117] on connection
[90m[0835][0m [32m INFO[0m [goim/im.routeChat.func2.1:120] login:999999
[90m[0859][0m [32m INFO[0m [goim/im.routeChat.func2.2:141] on disconnect
[90m[0887][0m [32m INFO[0m [goim/im.routeChat.func2.2:141] on disconnect
[90m[0888][0m [32m INFO[0m [goim/im.routeChat.func2:117] on connection
[90m[0888][0m [32m INFO[0m [goim/im.routeChat.func2.1:120] login:999999
[90m[0890][0m [32m INFO[0m [goim/im.routeChat.func2:117] on connection
[90m[0891][0m [32m INFO[0m [goim/im.routeChat.func2.1:120] login:999999
[90m[0894][0m [32m INFO[0m [goim/im.routeChat.func2.2:141] on disconnect
[90m[0895][0m [32m INFO[0m [goim/im.routeChat.func2:117] on connection
[90m[0895][0m [32m INFO[0m [goim/im.routeChat.func2.1:120] login:999999
[90m[0896][0m [32m INFO[0m [goim/im.routeChat.func2.2:141] on disconnect
[90m[0897][0m [32m INFO[0m [goim/im.routeChat.func2:117] on connection
[90m[0897][0m [32m INFO[0m [goim/im.routeChat.func2.1:120] login:999999
[90m[0897][0m [32m INFO[0m [goim/im.routeChat.func2.2:141] on disconnect
[90m[0898][0m [32m INFO[0m [goim/im.routeChat.func2:117] on connection
[90m[0899][0m [32m INFO[0m [goim/im.routeChat.func2.1:120] login:999999
[90m[0904][0m [32m INFO[0m [goim/im.routeChat.func2.2:141] on disconnect
[90m[0906][0m [32m INFO[0m [goim/im.routeChat.func2:117] on connection
[90m[0906][0m [32m INFO[0m [goim/im.routeChat.func2.1:120] login:999999
[90m[0919][0m [32m INFO[0m [goim/im.routeChat.func2.2:141] on disconnect
[90m[0919][0m [32m INFO[0m [goim/im.routeChat.func2.2:141] on disconnect
[90m[0922][0m [32m INFO[0m [goim/im.routeChat.func2:117] on connection
[90m[0923][0m [32m INFO[0m [goim/im.routeChat.func2.1:120] login:999999
[90m[0928][0m [32m INFO[0m [goim/im.routeChat.func2.2:141] on disconnect
[90m[0929][0m [32m INFO[0m [goim/im.routeChat.func2:117] on connection
[90m[0930][0m [32m INFO[0m [goim/im.routeChat.func2.1:120] login:999999
[90m[0931][0m [32m INFO[0m [goim/im.routeChat.func2.2:141] on disconnect
[90m[0932][0m [32m INFO[0m [goim/im.routeChat.func2:117] on connection
[90m[0932][0m [32m INFO[0m [goim/im.routeChat.func2.1:120] login:999999
[90m[0010][0m [32m INFO[0m [goim/db.initMysql:29] mysql:root:admin@tcp(0.0.0.0:3307)/goim?charset=utf8
[90m[0010][0m [32m INFO[0m [goim/db.initMysql:29] mysql:root:admin@tcp(0.0.0.0:3307)/goim?charset=utf8
[90m[0010][0m [32m INFO[0m [goim/im.routeChat.func2:117] on connection
[90m[0010][0m [32m INFO[0m [goim/db.initMongo:28] mongo:%s0.0.0.0:27017
[90m[0010][0m [32m INFO[0m [goim/im.routeChat.func2.1:120] login:999999
[90m[0022][0m [32m INFO[0m [goim/im.routeChat.func2:117] on connection
[90m[0023][0m [32m INFO[0m [goim/im.routeChat.func2.1:120] login:999999
[90m[0041][0m [32m INFO[0m [goim/im.routeChat.func2.2:141] on disconnect
[90m[0072][0m [32m INFO[0m [goim/im.routeChat.func2:117] on connection
[90m[0082][0m [32m INFO[0m [goim/im.routeChat.func2:117] on connection
[90m[0082][0m [32m INFO[0m [goim/im.routeChat.func2.1:120] login:999999
[90m[0082][0m [32m INFO[0m [goim/im.routeChat.func2.1:120] login:888888
[90m[0085][0m [32m INFO[0m [goim/im.routeChat.func2.2:141] on disconnect
[90m[0085][0m [32m INFO[0m [goim/im.routeChat.func2.2:141] on disconnect
[90m[0088][0m [32m INFO[0m [goim/im.routeChat.func2:117] on connection
[90m[0089][0m [32m INFO[0m [goim/im.routeChat.func2.1:120] login:888888
[90m[0110][0m [32m INFO[0m [goim/im.routeChat.func2.3:150] emit:{"uid":"999999","to":"888888","msg":"你好，我是阿米尔。","msgType":1}
[90m[0121][0m [32m INFO[0m [goim/im.routeChat.func2.3:150] emit:{"uid":"888888","to":"999999","msg":"你好，我是普罗米修斯。","msgType":1}
[90m[0130][0m [32m INFO[0m [goim/im.routeChat.func2.3:150] emit:{"uid":"888888","to":"999999","msg":"。。。","msgType":1}
[90m[0132][0m [32m INFO[0m [goim/im.routeChat.func2.2:141] on disconnect
[90m[0153][0m [32m INFO[0m [goim/im.routeChat.func2.3:150] emit:{"uid":"999999","to":"888888","msg":"。。。","msgType":1}
[90m[0157][0m [32m INFO[0m [goim/im.routeChat.func2.3:150] emit:{"uid":"888888","to":"999999","msg":"。。。","msgType":1}
[90m[0162][0m [32m INFO[0m [goim/im.routeChat.func2.2:141] on disconnect
[90m[0163][0m [32m INFO[0m [goim/im.routeChat.func2:117] on connection
[90m[0163][0m [32m INFO[0m [goim/im.routeChat.func2.1:120] login:999999
[90m[0168][0m [32m INFO[0m [goim/im.routeChat.func2.3:150] emit:{"uid":"999999","to":"888888","msg":"aa","msgType":1}
[90m[0172][0m [32m INFO[0m [goim/im.routeChat.func2.3:150] emit:{"uid":"888888","to":"999999","msg":"。。。","msgType":1}
[90m[0188][0m [32m INFO[0m [goim/im.routeChat.func2.3:150] emit:{"uid":"999999","to":"888888","msg":"你好，我是阿米尔。","msgType":1}
[90m[0198][0m [32m INFO[0m [goim/im.routeChat.func2.3:150] emit:{"uid":"888888","to":"999999","msg":"你好，我是普罗米修斯。","msgType":1}
[90m[0237][0m [32m INFO[0m [goim/im.routeChat.func2.3:150] emit:{"uid":"999999","to":"888888","msg":"你好，我是啊mier","msgType":1}
[90m[0261][0m [32m INFO[0m [goim/im.routeChat.func2.3:150] emit:{"uid":"999999","to":"888888","msg":"你好，我是啊米尔。","msgType":1}
[90m[0274][0m [32m INFO[0m [goim/im.routeChat.func2.3:150] emit:{"uid":"888888","to":"999999","msg":"你好，我是普罗米修斯。","msgType":1}
[90m[0694][0m [32m INFO[0m [goim/im.routeChat.func2.2:141] on disconnect
