[90m[8633][0m [32m INFO[0m [goim/im.routeChat.func1.2:132] on disconnect
[90m[8634][0m [32m INFO[0m [goim/im.routeChat.func1:103] on connection
[90m[8634][0m [32m INFO[0m [goim/im.routeChat.func1.1:111] login:888888
[90m[8645][0m [32m INFO[0m [goim/im.routeChat.func1:103] on connection
[90m[8646][0m [32m INFO[0m [goim/im.routeChat.func1.1:111] login:999999
[90m[9254][0m [32m INFO[0m [goim/im.routeChat.func1.2:132] on disconnect
[90m[9256][0m [32m INFO[0m [goim/im.routeChat.func1:103] on connection
[90m[9256][0m [32m INFO[0m [goim/im.routeChat.func1.1:111] login:888888
[90m[13233][0m [32m INFO[0m [goim/im.routeChat.func1.2:132] on disconnect
[90m[13237][0m [32m INFO[0m [goim/im.routeChat.func1:103] on connection
[90m[13237][0m [32m INFO[0m [goim/im.routeChat.func1.1:111] login:999999
[90m[13682][0m [32m INFO[0m [goim/im.routeChat.func1.2:132] on disconnect
[90m[13684][0m [32m INFO[0m [goim/im.routeChat.func1:103] on connection
[90m[13684][0m [32m INFO[0m [goim/im.routeChat.func1.1:111] login:999999
[90m[13687][0m [32m INFO[0m [goim/im.routeChat.func1.2:132] on disconnect
[90m[13689][0m [32m INFO[0m [goim/im.routeChat.func1:103] on connection
[90m[13689][0m [32m INFO[0m [goim/im.routeChat.func1.1:111] login:999999
[90m[14320][0m [32m INFO[0m [goim/im.routeChat.func1.2:132] on disconnect
[90m[14322][0m [32m INFO[0m [goim/im.routeChat.func1:103] on connection
[90m[14322][0m [32m INFO[0m [goim/im.routeChat.func1.1:111] login:999999
[90m[14638][0m [32m INFO[0m [goim/im.routeChat.func1.2:132] on disconnect
[90m[14639][0m [32m INFO[0m [goim/im.routeChat.func1:103] on connection
[90m[14639][0m [32m INFO[0m [goim/im.routeChat.func1.1:111] login:999999
[90m[9755][0m [32m INFO[0m [goim/db.initMongo:28] mongo:%s0.0.0.0:27017
[90m[9755][0m [32m INFO[0m [goim/db.initMysql:29] mysql:root:admin@tcp(0.0.0.0:3307)/goim?charset=utf8
[90m[9763][0m [32m INFO[0m [goim/im.routeChat.func2:110] on connection
[90m[9764][0m [32m INFO[0m [goim/im.routeChat.func2.1:113] login:888888
[90m[1651][0m [32m INFO[0m [goim/db.initMysql:29] mysql:root:admin@tcp(0.0.0.0:3307)/goim?charset=utf8
[90m[1651][0m [32m INFO[0m [goim/im.routeChat.func2:117] on connection
[90m[1651][0m [32m INFO[0m [goim/db.initMongo:28] mongo:%s0.0.0.0:27017
[90m[1652][0m [32m INFO[0m [goim/im.routeChat.func2.1:120] login:888888
[90m[1675][0m [32m INFO[0m [goim/im.routeChat.func2.2:141] on disconnect
[90m[1676][0m [32m INFO[0m [goim/im.routeChat.func2:117] on connection
[90m[1676][0m [32m INFO[0m [goim/im.routeChat.func2.1:120] login:888888
[90m[1693][0m [32m INFO[0m [goim/im.routeChat.func2.2:141] on disconnect
[90m[1694][0m [32m INFO[0m [goim/im.routeChat.func2:117] on connection
[90m[1694][0m [32m INFO[0m [goim/im.routeChat.func2.1:120] login:888888
[90m[1727][0m [32m INFO[0m [goim/im.routeChat.func2.2:141] on disconnect
[90m[1728][0m [32m INFO[0m [goim/im.routeChat.func2:117] on connection
[90m[1728][0m [32m INFO[0m [goim/im.routeChat.func2.1:120] login:888888
[90m[1782][0m [32m INFO[0m [goim/im.routeChat.func2.2:141] on disconnect
[90m[1783][0m [32m INFO[0m [goim/im.routeChat.func2:117] on connection
[90m[1784][0m [32m INFO[0m [goim/im.routeChat.func2.1:120] login:888888
[90m[1855][0m [32m INFO[0m [goim/im.routeChat.func2.2:141] on disconnect
[90m[1856][0m [32m INFO[0m [goim/im.routeChat.func2:117] on connection
[90m[1857][0m [32m INFO[0m [goim/im.routeChat.func2.1:120] login:888888
[90m[1882][0m [32m INFO[0m [goim/im.routeChat.func2.2:141] on disconnect
[90m[1883][0m [32m INFO[0m [goim/im.routeChat.func2:117] on connection
[90m[1884][0m [32m INFO[0m [goim/im.routeChat.func2.1:120] login:888888
[90m[1897][0m [32m INFO[0m [goim/im.routeChat.func2.2:141] on disconnect
[90m[1898][0m [32m INFO[0m [goim/im.routeChat.func2:117] on connection
[90m[1898][0m [32m INFO[0m [goim/im.routeChat.func2.1:120] login:888888
[90m[1899][0m [32m INFO[0m [goim/im.routeChat.func2.2:141] on disconnect
[90m[1900][0m [32m INFO[0m [goim/im.routeChat.func2:117] on connection
[90m[1900][0m [32m INFO[0m [goim/im.routeChat.func2.1:120] login:888888
[90m[1986][0m [32m INFO[0m [goim/im.routeChat.func2.2:141] on disconnect
[90m[1987][0m [32m INFO[0m [goim/im.routeChat.func2:117] on connection
[90m[1988][0m [32m INFO[0m [goim/im.routeChat.func2.1:120] login:888888
[90m[2093][0m [32m INFO[0m [goim/im.routeChat.func2.2:141] on disconnect
[90m[2094][0m [32m INFO[0m [goim/im.routeChat.func2:117] on connection
[90m[2095][0m [32m INFO[0m [goim/im.routeChat.func2.1:120] login:888888
[90m[2160][0m [32m INFO[0m [goim/im.routeChat.func2.2:141] on disconnect
[90m[2160][0m [32m INFO[0m [goim/im.routeChat.func2:117] on connection
[90m[2161][0m [32m INFO[0m [goim/im.routeChat.func2.1:120] login:888888
[90m[2169][0m [32m INFO[0m [goim/im.routeChat.func2.2:141] on disconnect
[90m[2170][0m [32m INFO[0m [goim/im.routeChat.func2:117] on connection
[90m[2170][0m [32m INFO[0m [goim/im.routeChat.func2.1:120] login:888888
[90m[2233][0m [32m INFO[0m [goim/im.routeChat.func2.2:141] on disconnect
[90m[2233][0m [32m INFO[0m [goim/im.routeChat.func2:117] on connection
[90m[2234][0m [32m INFO[0m [goim/im.routeChat.func2.1:120] login:888888
[90m[2260][0m [32m INFO[0m [goim/im.routeChat.func2.2:141] on disconnect
[90m[2261][0m [32m INFO[0m [goim/im.routeChat.func2:117] on connection
[90m[2261][0m [32m INFO[0m [goim/im.routeChat.func2.1:120] login:888888
[90m[2458][0m [32m INFO[0m [goim/im.routeChat.func2.2:141] on disconnect
[90m[2459][0m [32m INFO[0m [goim/im.routeChat.func2:117] on connection
[90m[2460][0m [32m INFO[0m [goim/im.routeChat.func2.1:120] login:888888
[90m[2503][0m [32m INFO[0m [goim/im.routeChat.func2.2:141] on disconnect
[90m[2504][0m [32m INFO[0m [goim/im.routeChat.func2:117] on connection
[90m[2504][0m [32m INFO[0m [goim/im.routeChat.func2.1:120] login:888888
[90m[2520][0m [32m INFO[0m [goim/im.routeChat.func2.2:141] on disconnect
[90m[2521][0m [32m INFO[0m [goim/im.routeChat.func2:117] on connection
[90m[2522][0m [32m INFO[0m [goim/im.routeChat.func2.1:120] login:888888
[90m[2562][0m [32m INFO[0m [goim/im.routeChat.func2.2:141] on disconnect
[90m[2563][0m [32m INFO[0m [goim/im.routeChat.func2:117] on connection
[90m[2563][0m [32m INFO[0m [goim/im.routeChat.func2.1:120] login:888888
[90m[2575][0m [32m INFO[0m [goim/im.routeChat.func2.2:141] on disconnect
[90m[2576][0m [32m INFO[0m [goim/im.routeChat.func2:117] on connection
[90m[2577][0m [32m INFO[0m [goim/im.routeChat.func2.1:120] login:888888
[90m[2605][0m [32m INFO[0m [goim/im.routeChat.func2.2:141] on disconnect
[90m[2606][0m [32m INFO[0m [goim/im.routeChat.func2:117] on connection
[90m[2606][0m [32m INFO[0m [goim/im.routeChat.func2.1:120] login:888888
[90m[2616][0m [32m INFO[0m [goim/im.routeChat.func2.2:141] on disconnect
[90m[2617][0m [32m INFO[0m [goim/im.routeChat.func2:117] on connection
[90m[2617][0m [32m INFO[0m [goim/im.routeChat.func2.1:120] login:888888
[90m[2652][0m [32m INFO[0m [goim/im.routeChat.func2.2:141] on disconnect
[90m[2653][0m [32m INFO[0m [goim/im.routeChat.func2:117] on connection
[90m[2653][0m [32m INFO[0m [goim/im.routeChat.func2.1:120] login:888888
[90m[2662][0m [32m INFO[0m [goim/im.routeChat.func2.2:141] on disconnect
[90m[2663][0m [32m INFO[0m [goim/im.routeChat.func2:117] on connection
[90m[2663][0m [32m INFO[0m [goim/im.routeChat.func2.1:120] login:888888
[90m[2722][0m [32m INFO[0m [goim/im.routeChat.func2.2:141] on disconnect
[90m[2723][0m [32m INFO[0m [goim/im.routeChat.func2:117] on connection
[90m[2724][0m [32m INFO[0m [goim/im.routeChat.func2.1:120] login:888888
[90m[2826][0m [32m INFO[0m [goim/im.routeChat.func2.2:141] on disconnect
[90m[2827][0m [32m INFO[0m [goim/im.routeChat.func2:117] on connection
[90m[2828][0m [32m INFO[0m [goim/im.routeChat.func2.1:120] login:888888
[90m[2879][0m [32m INFO[0m [goim/im.routeChat.func2.2:141] on disconnect
[90m[2880][0m [32m INFO[0m [goim/im.routeChat.func2:117] on connection
[90m[2881][0m [32m INFO[0m [goim/im.routeChat.func2.1:120] login:888888
[90m[2921][0m [32m INFO[0m [goim/im.routeChat.func2.2:141] on disconnect
[90m[2922][0m [32m INFO[0m [goim/im.routeChat.func2:117] on connection
[90m[2922][0m [32m INFO[0m [goim/im.routeChat.func2.1:120] login:888888
[90m[2942][0m [32m INFO[0m [goim/im.routeChat.func2.2:141] on disconnect
[90m[2942][0m [32m INFO[0m [goim/im.routeChat.func2:117] on connection
[90m[2943][0m [32m INFO[0m [goim/im.routeChat.func2.1:120] login:888888
[90m[2966][0m [32m INFO[0m [goim/im.routeChat.func2.2:141] on disconnect
[90m[2968][0m [32m INFO[0m [goim/im.routeChat.func2:117] on connection
[90m[2968][0m [32m INFO[0m [goim/im.routeChat.func2.1:120] login:888888
[90m[2988][0m [32m INFO[0m [goim/im.routeChat.func2.2:141] on disconnect
[90m[2990][0m [32m INFO[0m [goim/im.routeChat.func2:117] on connection
[90m[2991][0m [32m INFO[0m [goim/im.routeChat.func2.1:120] login:888888
[90m[0003][0m [32m INFO[0m [goim/im.routeChat.func2:117] on connection
[90m[0003][0m [32m INFO[0m [goim/im.routeChat.func2.1:120] login:888888
[90m[0003][0m [32m INFO[0m [goim/db.initMysql:29] mysql:root:admin@tcp(0.0.0.0:3307)/goim?charset=utf8
[90m[0003][0m [32m INFO[0m [goim/db.initMongo:28] mongo:%s0.0.0.0:27017
[90m[0004][0m [32m INFO[0m [goim/im.routeChat.func2.1:120] login:999999
[90m[0019][0m [32m INFO[0m [goim/db.initMysql:29] mysql:root:admin@tcp(0.0.0.0:3307)/goim?charset=utf8
[90m[0025][0m [32m INFO[0m [goim/im.routeChat.func2:117] on connection
[90m[0025][0m [32m INFO[0m [goim/db.initMongo:28] mongo:%s0.0.0.0:27017
[90m[0026][0m [32m INFO[0m [goim/im.routeChat.func2.1:120] login:999999
[90m[0027][0m [32m INFO[0m [goim/im.routeChat.func2.2:141] on disconnect
[90m[0027][0m [32m INFO[0m [goim/im.routeChat.func2.2:141] on disconnect
[90m[0008][0m [32m INFO[0m [goim/db.initMysql:29] mysql:root:admin@tcp(0.0.0.0:3307)/goim?charset=utf8
[90m[0015][0m [32m INFO[0m [goim/db.initMysql:29] mysql:root:admin@tcp(0.0.0.0:3307)/goim?charset=utf8
[90m[0027][0m [32m INFO[0m [goim/db.initMysql:29] mysql:root:admin@tcp(0.0.0.0:3307)/goim?charset=utf8
[90m[0019][0m [32m INFO[0m [goim/db.initMysql:29] mysql:root:admin@tcp(0.0.0.0:3307)/goim?charset=utf8
[90m[0039][0m [32m INFO[0m [goim/db.initMysql:29] mysql:root:admin@tcp(0.0.0.0:3307)/goim?charset=utf8
[90m[0196][0m [32m INFO[0m [goim/db.initMongo:28] mongo:%s0.0.0.0:27017
[90m[0201][0m [32m INFO[0m [goim/im.routeChat.func2:117] on connection
[90m[0202][0m [32m INFO[0m [goim/im.routeChat.func2.1:120] login:99999
[90m[0202][0m [32m INFO[0m [goim/im.routeChat.func2.2:141] on disconnect
[90m[0205][0m [32m INFO[0m [goim/im.routeChat.func2:117] on connection
[90m[0206][0m [32m INFO[0m [goim/im.routeChat.func2.1:120] login:999999
[90m[0262][0m [32m INFO[0m [goim/im.routeChat.func2.2:141] on disconnect
[90m[0263][0m [32m INFO[0m [goim/im.routeChat.func2:117] on connection
[90m[0264][0m [32m INFO[0m [goim/im.routeChat.func2.1:120] login:999999
[90m[0002][0m [32m INFO[0m [goim/db.initMysql:29] mysql:root:admin@tcp(0.0.0.0:3307)/goim?charset=utf8
[90m[0003][0m [32m INFO[0m [goim/db.initMysql:29] mysql:root:admin@tcp(0.0.0.0:3307)/goim?charset=utf8
[90m[0004][0m [32m INFO[0m [goim/db.initMysql:29] mysql:root:admin@tcp(0.0.0.0:3307)/goim?charset=utf8
[90m[0001][0m [32m INFO[0m [goim/db.initMysql:29] mysql:root:admin@tcp(0.0.0.0:3307)/goim?charset=utf8
[90m[0048][0m [32m INFO[0m [goim/db.initMongo:28] mongo:%s0.0.0.0:27017
[90m[0048][0m [32m INFO[0m [goim/im.routeChat.func2:117] on connection
[90m[0049][0m [32m INFO[0m [goim/im.routeChat.func2.1:120] login:999999
[90m[0080][0m [32m INFO[0m [goim/im.routeChat.func2.2:141] on disconnect
[90m[0081][0m [32m INFO[0m [goim/im.routeChat.func2:117] on connection
[90m[0081][0m [32m INFO[0m [goim/im.routeChat.func2.1:120] login:999999
[90m[0091][0m [32m INFO[0m [goim/im.routeChat.func2.2:141] on disconnect
[90m[0092][0m [32m INFO[0m [goim/im.routeChat.func2:117] on connection
[90m[0093][0m [32m INFO[0m [goim/im.routeChat.func2.1:120] login:999999
[90m[0096][0m [32m INFO[0m [goim/im.routeChat.func2.2:141] on disconnect
[90m[0097][0m [32m INFO[0m [goim/im.routeChat.func2:117] on connection
[90m[0097][0m [32m INFO[0m [goim/im.routeChat.func2.1:120] login:999999
[90m[0111][0m [32m INFO[0m [goim/im.routeChat.func2.2:141] on disconnect
[90m[0112][0m [32m INFO[0m [goim/im.routeChat.func2:117] on connection
[90m[0113][0m [32m INFO[0m [goim/im.routeChat.func2.1:120] login:999999
[90m[0177][0m [32m INFO[0m [goim/im.routeChat.func2.2:141] on disconnect
[90m[0178][0m [32m INFO[0m [goim/im.routeChat.func2:117] on connection
[90m[0178][0m [32m INFO[0m [goim/im.routeChat.func2.1:120] login:999999
[90m[0208][0m [32m INFO[0m [goim/im.routeChat.func2.2:141] on disconnect
[90m[0209][0m [32m INFO[0m [goim/im.routeChat.func2:117] on connection
[90m[0209][0m [32m INFO[0m [goim/im.routeChat.func2.1:120] login:999999
[90m[0229][0m [32m INFO[0m [goim/im.routeChat.func2.2:141] on disconnect
[90m[0230][0m [32m INFO[0m [goim/im.routeChat.func2:117] on connection
[90m[0230][0m [32m INFO[0m [goim/im.routeChat.func2.1:120] login:999999
[90m[0019][0m [32m INFO[0m [goim/db.initMysql:29] mysql:root:admin@tcp(0.0.0.0:3307)/goim?charset=utf8
[90m[0003][0m [32m INFO[0m [goim/db.initMysql:29] mysql:root:admin@tcp(0.0.0.0:3307)/goim?charset=utf8
[90m[0004][0m [32m INFO[0m [goim/db.initMysql:29] mysql:root:admin@tcp(0.0.0.0:3307)/goim?charset=utf8
[90m[0016][0m [32m INFO[0m [goim/db.initMysql:29] mysql:root:admin@tcp(0.0.0.0:3307)/goim?charset=utf8
[90m[0002][0m [32m INFO[0m [goim/db.initMysql:29] mysql:root:admin@tcp(0.0.0.0:3307)/goim?charset=utf8
[90m[0003][0m [32m INFO[0m [goim/db.initMysql:29] mysql:root:admin@tcp(0.0.0.0:3307)/goim?charset=utf8
[90m[0009][0m [32m INFO[0m [goim/db.initMysql:29] mysql:root:admin@tcp(0.0.0.0:3307)/goim?charset=utf8
[90m[0002][0m [32m INFO[0m [goim/db.initMysql:29] mysql:root:admin@tcp(0.0.0.0:3307)/goim?charset=utf8
[90m[0025][0m [32m INFO[0m [goim/db.initMongo:28] mongo:%s0.0.0.0:27017
[90m[0025][0m [32m INFO[0m [goim/im.routeChat.func2:117] on connection
[90m[0026][0m [32m INFO[0m [goim/im.routeChat.func2.1:120] login:999999
[90m[0004][0m [32m INFO[0m [goim/db.initMysql:29] mysql:root:admin@tcp(0.0.0.0:3307)/goim?charset=utf8
[90m[0004][0m [32m INFO[0m [goim/db.initMysql:29] mysql:root:admin@tcp(0.0.0.0:3307)/goim?charset=utf8
[90m[0004][0m [32m INFO[0m [goim/db.initMongo:28] mongo:%s0.0.0.0:27017
[90m[0004][0m [32m INFO[0m [goim/im.routeChat.func2:117] on connection
[90m[0006][0m [32m INFO[0m [goim/im.routeChat.func2.1:120] login:999999
[90m[1340][0m [32m INFO[0m [goim/im.routeChat.func2.2:141] on disconnect
[90m[1341][0m [32m INFO[0m [goim/im.routeChat.func2:117] on connection
[90m[1342][0m [32m INFO[0m [goim/im.routeChat.func2.1:120] login:999999
[90m[1348][0m [32m INFO[0m [goim/im.routeChat.func2.2:141] on disconnect
[90m[1349][0m [32m INFO[0m [goim/im.routeChat.func2:117] on connection
[90m[1349][0m [32m INFO[0m [goim/im.routeChat.func2.1:120] login:999999
[90m[1354][0m [32m INFO[0m [goim/im.routeChat.func2.2:141] on disconnect
[90m[1355][0m [32m INFO[0m [goim/im.routeChat.func2:117] on connection
[90m[1355][0m [32m INFO[0m [goim/im.routeChat.func2.1:120] login:999999
[90m[1377][0m [32m INFO[0m [goim/im.routeChat.func2.2:141] on disconnect
[90m[1378][0m [32m INFO[0m [goim/im.routeChat.func2:117] on connection
[90m[1378][0m [32m INFO[0m [goim/im.routeChat.func2.1:120] login:999999
[90m[1436][0m [32m INFO[0m [goim/im.routeChat.func2.2:141] on disconnect
[90m[1437][0m [32m INFO[0m [goim/im.routeChat.func2:117] on connection
[90m[1437][0m [32m INFO[0m [goim/im.routeChat.func2.1:120] login:999999
[90m[1590][0m [32m INFO[0m [goim/im.routeChat.func2.2:141] on disconnect
[90m[1591][0m [32m INFO[0m [goim/im.routeChat.func2:117] on connection
[90m[1591][0m [32m INFO[0m [goim/im.routeChat.func2.1:120] login:999999
[90m[1598][0m [32m INFO[0m [goim/im.routeChat.func2.2:141] on disconnect
[90m[1599][0m [32m INFO[0m [goim/im.routeChat.func2:117] on connection
[90m[1600][0m [32m INFO[0m [goim/im.routeChat.func2.1:120] login:999999
[90m[1620][0m [32m INFO[0m [goim/im.routeChat.func2.2:141] on disconnect
[90m[1621][0m [32m INFO[0m [goim/im.routeChat.func2:117] on connection
[90m[1621][0m [32m INFO[0m [goim/im.routeChat.func2.1:120] login:999999
[90m[1684][0m [32m INFO[0m [goim/im.routeChat.func2.2:141] on disconnect
[90m[1685][0m [32m INFO[0m [goim/im.routeChat.func2:117] on connection
[90m[1685][0m [32m INFO[0m [goim/im.routeChat.func2.1:120] login:999999
[90m[1732][0m [32m INFO[0m [goim/im.routeChat.func2.2:141] on disconnect
[90m[1734][0m [32m INFO[0m [goim/im.routeChat.func2:117] on connection
[90m[1734][0m [32m INFO[0m [goim/im.routeChat.func2.1:120] login:999999
[90m[1743][0m [32m INFO[0m [goim/im.routeChat.func2.2:141] on disconnect
[90m[1744][0m [32m INFO[0m [goim/im.routeChat.func2:117] on connection
[90m[1745][0m [32m INFO[0m [goim/im.routeChat.func2.1:120] login:999999
[90m[1758][0m [32m INFO[0m [goim/im.routeChat.func2.2:141] on disconnect
[90m[1760][0m [32m INFO[0m [goim/im.routeChat.func2:117] on connection
[90m[1760][0m [32m INFO[0m [goim/im.routeChat.func2.1:120] login:999999
[90m[1905][0m [32m INFO[0m [goim/im.routeChat.func2.2:141] on disconnect
[90m[1906][0m [32m INFO[0m [goim/im.routeChat.func2:117] on connection
[90m[1906][0m [32m INFO[0m [goim/im.routeChat.func2.1:120] login:999999
[90m[1956][0m [32m INFO[0m [goim/im.routeChat.func2.2:141] on disconnect
[90m[1957][0m [32m INFO[0m [goim/im.routeChat.func2:117] on connection
[90m[1958][0m [32m INFO[0m [goim/im.routeChat.func2.1:120] login:999999
[90m[2000][0m [32m INFO[0m [goim/im.routeChat.func2.2:141] on disconnect
[90m[2001][0m [32m INFO[0m [goim/im.routeChat.func2:117] on connection
[90m[2002][0m [32m INFO[0m [goim/im.routeChat.func2.1:120] login:999999
[90m[2005][0m [32m INFO[0m [goim/im.routeChat.func2.3:150] emit:{"uid":"999999","to":"888888","msg":"asdas","msgType":1}
[90m[2009][0m [32m INFO[0m [goim/im.routeChat.func2.3:150] emit:{"uid":"999999","to":"888888","msg":"asd","msgType":1}
[90m[2042][0m [32m INFO[0m [goim/im.routeChat.func2.2:141] on disconnect
[90m[2043][0m [32m INFO[0m [goim/im.routeChat.func2:117] on connection
[90m[2043][0m [32m INFO[0m [goim/im.routeChat.func2.1:120] login:999999
[90m[2047][0m [32m INFO[0m [goim/im.routeChat.func2.3:150] emit:{"uid":"999999","to":"888888","msg":"asd","msgType":1}
[90m[2048][0m [32m INFO[0m [goim/im.routeChat.func2.3:150] emit:{"uid":"999999","to":"888888","msg":"asd","msgType":1}
[90m[2072][0m [32m INFO[0m [goim/im.routeChat.func2.2:141] on disconnect
[90m[2073][0m [32m INFO[0m [goim/im.routeChat.func2:117] on connection
[90m[2073][0m [32m INFO[0m [goim/im.routeChat.func2.1:120] login:999999
[90m[2077][0m [32m INFO[0m [goim/im.routeChat.func2.3:150] emit:{"uid":"999999","to":"888888","msg":"asd","msgType":1}
[90m[2077][0m [32m INFO[0m [goim/im.routeChat.func2.3:150] emit:{"uid":"999999","to":"888888","msg":"asd","msgType":1}
[90m[2078][0m [32m INFO[0m [goim/im.routeChat.func2.3:150] emit:{"uid":"999999","to":"888888","msg":"asd","msgType":1}
[90m[2079][0m [32m INFO[0m [goim/im.routeChat.func2.3:150] emit:{"uid":"999999","to":"888888","msg":"asd","msgType":1}
[90m[2079][0m [32m INFO[0m [goim/im.routeChat.func2.3:150] emit:{"uid":"999999","to":"888888","msg":"asd","msgType":1}
[90m[2080][0m [32m INFO[0m [goim/im.routeChat.func2.3:150] emit:{"uid":"999999","to":"888888","msg":"asd","msgType":1}
[90m[2087][0m [32m INFO[0m [goim/im.routeChat.func2.2:141] on disconnect
[90m[2088][0m [32m INFO[0m [goim/im.routeChat.func2:117] on connection
[90m[2088][0m [32m INFO[0m [goim/im.routeChat.func2.1:120] login:999999
[90m[2098][0m [32m INFO[0m [goim/im.routeChat.func2.3:150] emit:{"uid":"999999","to":"888888","msg":"asdasd","msgType":1}
[90m[2104][0m [32m INFO[0m [goim/im.routeChat.func2.3:150] emit:{"uid":"999999","to":"888888","msg":"asd","msgType":1}
[90m[2105][0m [32m INFO[0m [goim/im.routeChat.func2.2:141] on disconnect
[90m[2106][0m [32m INFO[0m [goim/im.routeChat.func2:117] on connection
[90m[2106][0m [32m INFO[0m [goim/im.routeChat.func2.1:120] login:999999
[90m[2134][0m [32m INFO[0m [goim/im.routeChat.func2.2:141] on disconnect
[90m[2135][0m [32m INFO[0m [goim/im.routeChat.func2:117] on connection
[90m[2136][0m [32m INFO[0m [goim/im.routeChat.func2.1:120] login:999999
[90m[2138][0m [32m INFO[0m [goim/im.routeChat.func2.3:150] emit:{"uid":"999999","to":"888888","msg":"asdas","msgType":1}
[90m[2139][0m [32m INFO[0m [goim/im.routeChat.func2.3:150] emit:{"uid":"999999","to":"888888","msg":"asd","msgType":1}
[90m[2140][0m [32m INFO[0m [goim/im.routeChat.func2.3:150] emit:{"uid":"999999","to":"888888","msg":"asd","msgType":1}
[90m[2140][0m [32m INFO[0m [goim/im.routeChat.func2.3:150] emit:{"uid":"999999","to":"888888","msg":"asd","msgType":1}
[90m[2155][0m [32m INFO[0m [goim/im.routeChat.func2.2:141] on disconnect
[90m[2156][0m [32m INFO[0m [goim/im.routeChat.func2:117] on connection
[90m[2157][0m [32m INFO[0m [goim/im.routeChat.func2.1:120] login:999999
[90m[2190][0m [32m INFO[0m [goim/im.routeChat.func2.2:141] on disconnect
[90m[2191][0m [32m INFO[0m [goim/im.routeChat.func2:117] on connection
[90m[2192][0m [32m INFO[0m [goim/im.routeChat.func2.1:120] login:999999
[90m[2198][0m [32m INFO[0m [goim/im.routeChat.func2.2:141] on disconnect
[90m[2199][0m [32m INFO[0m [goim/im.routeChat.func2:117] on connection
[90m[2200][0m [32m INFO[0m [goim/im.routeChat.func2.1:120] login:999999
[90m[2202][0m [32m INFO[0m [goim/im.routeChat.func2.3:150] emit:{"uid":"999999","to":"888888","msg":"asd","msgType":1}
[90m[2203][0m [32m INFO[0m [goim/im.routeChat.func2.3:150] emit:{"uid":"999999","to":"888888","msg":"asd","msgType":1}
[90m[2204][0m [32m INFO[0m [goim/im.routeChat.func2.3:150] emit:{"uid":"999999","to":"888888","msg":"asd","msgType":1}
[90m[2212][0m [32m INFO[0m [goim/im.routeChat.func2.2:141] on disconnect
[90m[2214][0m [32m INFO[0m [goim/im.routeChat.func2:117] on connection
[90m[2215][0m [32m INFO[0m [goim/im.routeChat.func2.1:120] login:999999
[90m[2227][0m [32m INFO[0m [goim/im.routeChat.func2.2:141] on disconnect
[90m[2229][0m [32m INFO[0m [goim/im.routeChat.func2:117] on connection
[90m[2229][0m [32m INFO[0m [goim/im.routeChat.func2.1:120] login:999999
[90m[2259][0m [32m INFO[0m [goim/im.routeChat.func2.2:141] on disconnect
[90m[2261][0m [32m INFO[0m [goim/im.routeChat.func2:117] on connection
[90m[2261][0m [32m INFO[0m [goim/im.routeChat.func2.1:120] login:999999
[90m[2266][0m [32m INFO[0m [goim/im.routeChat.func2.3:150] emit:{"uid":"999999","to":"888888","msg":"asdsa\\","msgType":1}
[90m[2276][0m [32m INFO[0m [goim/im.routeChat.func2.2:141] on disconnect
[90m[2277][0m [32m INFO[0m [goim/im.routeChat.func2:117] on connection
[90m[2278][0m [32m INFO[0m [goim/im.routeChat.func2.1:120] login:999999
[90m[2299][0m [32m INFO[0m [goim/im.routeChat.func2.2:141] on disconnect
[90m[2300][0m [32m INFO[0m [goim/im.routeChat.func2:117] on connection
[90m[2301][0m [32m INFO[0m [goim/im.routeChat.func2.1:120] login:999999
[90m[2307][0m [32m INFO[0m [goim/im.routeChat.func2.2:141] on disconnect
[90m[2308][0m [32m INFO[0m [goim/im.routeChat.func2:117] on connection
[90m[2309][0m [32m INFO[0m [goim/im.routeChat.func2.1:120] login:999999
[90m[2314][0m [32m INFO[0m [goim/im.routeChat.func2.3:150] emit:{"uid":"999999","to":"888888","msg":"asd","msgType":1}
[90m[2315][0m [32m INFO[0m [goim/im.routeChat.func2.3:150] emit:{"uid":"999999","to":"888888","msg":"asd","msgType":1}
[90m[2316][0m [32m INFO[0m [goim/im.routeChat.func2.3:150] emit:{"uid":"999999","to":"888888","msg":"asd","msgType":1}
[90m[2317][0m [32m INFO[0m [goim/im.routeChat.func2.3:150] emit:{"uid":"999999","to":"888888","msg":"asd","msgType":1}
[90m[2323][0m [32m INFO[0m [goim/im.routeChat.func2.2:141] on disconnect
[90m[2324][0m [32m INFO[0m [goim/im.routeChat.func2:117] on connection
[90m[2325][0m [32m INFO[0m [goim/im.routeChat.func2.1:120] login:999999
[90m[2351][0m [32m INFO[0m [goim/im.routeChat.func2.2:141] on disconnect
[90m[2352][0m [32m INFO[0m [goim/im.routeChat.func2:117] on connection
[90m[2353][0m [32m INFO[0m [goim/im.routeChat.func2.1:120] login:999999
[90m[2379][0m [32m INFO[0m [goim/im.routeChat.func2.2:141] on disconnect
[90m[2381][0m [32m INFO[0m [goim/im.routeChat.func2:117] on connection
[90m[2381][0m [32m INFO[0m [goim/im.routeChat.func2.1:120] login:999999
[90m[2384][0m [32m INFO[0m [goim/im.routeChat.func2.3:150] emit:{"uid":"999999","to":"888888","msg":"asd","msgType":1}
[90m[2397][0m [32m INFO[0m [goim/im.routeChat.func2.2:141] on disconnect
[90m[2398][0m [32m INFO[0m [goim/im.routeChat.func2:117] on connection
[90m[2399][0m [32m INFO[0m [goim/im.routeChat.func2.1:120] login:999999
[90m[2402][0m [32m INFO[0m [goim/im.routeChat.func2.3:150] emit:{"uid":"999999","to":"888888","msg":"asd","msgType":1}
[90m[2409][0m [32m INFO[0m [goim/im.routeChat.func2.3:150] emit:{"uid":"999999","to":2,"msg":"asd","msgType":1}
[90m[2430][0m [32m INFO[0m [goim/im.routeChat.func2.2:141] on disconnect
[90m[2431][0m [32m INFO[0m [goim/im.routeChat.func2:117] on connection
[90m[2431][0m [32m INFO[0m [goim/im.routeChat.func2.1:120] login:999999
[90m[2490][0m [32m INFO[0m [goim/im.routeChat.func2.2:141] on disconnect
[90m[2492][0m [32m INFO[0m [goim/im.routeChat.func2:117] on connection
[90m[2493][0m [32m INFO[0m [goim/im.routeChat.func2.1:120] login:999999
[90m[2501][0m [32m INFO[0m [goim/im.routeChat.func2.3:150] emit:{"uid":"999999","to":2,"msg":"asdas","msgType":1}
[90m[2525][0m [32m INFO[0m [goim/im.routeChat.func2.2:141] on disconnect
[90m[2527][0m [32m INFO[0m [goim/im.routeChat.func2:117] on connection
[90m[2528][0m [32m INFO[0m [goim/im.routeChat.func2.1:120] login:999999
[90m[2534][0m [32m INFO[0m [goim/im.routeChat.func2.3:150] emit:{"uid":"999999","to":2,"msg":"asdas","msgType":1}
[90m[2538][0m [32m INFO[0m [goim/im.routeChat.func2.3:150] emit:{"uid":"999999","to":2,"msg":"asdasd","msgType":1}
[90m[2539][0m [32m INFO[0m [goim/im.routeChat.func2.3:150] emit:{"uid":"999999","to":2,"msg":"asd","msgType":1}
[90m[2540][0m [32m INFO[0m [goim/im.routeChat.func2.3:150] emit:{"uid":"999999","to":2,"msg":"asd","msgType":1}
[90m[2540][0m [32m INFO[0m [goim/im.routeChat.func2.3:150] emit:{"uid":"999999","to":2,"msg":"asd","msgType":1}
[90m[2602][0m [32m INFO[0m [goim/im.routeChat.func2.2:141] on disconnect
[90m[2603][0m [32m INFO[0m [goim/im.routeChat.func2:117] on connection
[90m[2604][0m [32m INFO[0m [goim/im.routeChat.func2.1:120] login:999999
[90m[2611][0m [32m INFO[0m [goim/im.routeChat.func2.3:150] emit:{"uid":"999999","to":2,"msg":"asdas","msgType":1}
[90m[2684][0m [32m INFO[0m [goim/im.routeChat.func2.2:141] on disconnect
[90m[2685][0m [32m INFO[0m [goim/im.routeChat.func2:117] on connection
[90m[2686][0m [32m INFO[0m [goim/im.routeChat.func2.1:120] login:999999
[90m[2690][0m [32m INFO[0m [goim/im.routeChat.func2.3:150] emit:{"uid":"999999","to":2,"msg":"asda","msgType":1}
[90m[2737][0m [32m INFO[0m [goim/im.routeChat.func2.2:141] on disconnect
[90m[2739][0m [32m INFO[0m [goim/im.routeChat.func2:117] on connection
[90m[2739][0m [32m INFO[0m [goim/im.routeChat.func2.1:120] login:999999
[90m[2774][0m [32m INFO[0m [goim/im.routeChat.func2.2:141] on disconnect
[90m[2776][0m [32m INFO[0m [goim/im.routeChat.func2:117] on connection
[90m[2776][0m [32m INFO[0m [goim/im.routeChat.func2.1:120] login:999999
[90m[2885][0m [32m INFO[0m [goim/im.routeChat.func2.2:141] on disconnect
[90m[2887][0m [32m INFO[0m [goim/im.routeChat.func2:117] on connection
[90m[2887][0m [32m INFO[0m [goim/im.routeChat.func2.1:120] login:999999
[90m[2892][0m [32m INFO[0m [goim/im.routeChat.func2.3:150] emit:{"uid":"999999","to":2,"msg":"asdas","msgType":1}
[90m[3004][0m [32m INFO[0m [goim/im.routeChat.func2.2:141] on disconnect
[90m[3006][0m [32m INFO[0m [goim/im.routeChat.func2:117] on connection
[90m[3006][0m [32m INFO[0m [goim/im.routeChat.func2.1:120] login:999999
[90m[3012][0m [32m INFO[0m [goim/im.routeChat.func2.3:150] emit:{"uid":"999999","to":2,"msg":"asdas","msgType":1}
[90m[3034][0m [32m INFO[0m [goim/im.routeChat.func2.2:141] on disconnect
[90m[3036][0m [32m INFO[0m [goim/im.routeChat.func2:117] on connection
[90m[3036][0m [32m INFO[0m [goim/im.routeChat.func2.1:120] login:999999
[90m[3044][0m [32m INFO[0m [goim/im.routeChat.func2.3:150] emit:{"uid":"999999","to":"888888","msg":"asd","msgType":1}
[90m[3052][0m [32m INFO[0m [goim/im.routeChat.func2.3:150] emit:{"uid":"999999","to":2,"msg":"lll","msgType":1}
[90m[3209][0m [32m INFO[0m [goim/im.routeChat.func2.2:141] on disconnect
[90m[3212][0m [32m INFO[0m [goim/im.routeChat.func2:117] on connection
[90m[3212][0m [32m INFO[0m [goim/im.routeChat.func2.1:120] login:999999
[90m[3217][0m [32m INFO[0m [goim/im.routeChat.func2.3:150] emit:{"uid":"999999","to":2,"msg":"asdsa","msgType":1}
[90m[3265][0m [32m INFO[0m [goim/im.routeChat.func2.2:141] on disconnect
[90m[3267][0m [32m INFO[0m [goim/im.routeChat.func2:117] on connection
[90m[3268][0m [32m INFO[0m [goim/im.routeChat.func2.1:120] login:999999
[90m[3280][0m [32m INFO[0m [goim/im.routeChat.func2.3:150] emit:{"uid":"999999","to":2,"msg":"asd","msgType":1}
[90m[3346][0m [32m INFO[0m [goim/im.routeChat.func2.2:141] on disconnect
[90m[3348][0m [32m INFO[0m [goim/im.routeChat.func2:117] on connection
[90m[3348][0m [32m INFO[0m [goim/im.routeChat.func2.1:120] login:999999
[90m[3353][0m [32m INFO[0m [goim/im.routeChat.func2.3:150] emit:{"uid":"999999","to":2,"msg":"asdas","msgType":1}
[90m[3446][0m [32m INFO[0m [goim/im.routeChat.func2.2:141] on disconnect
[90m[3447][0m [32m INFO[0m [goim/im.routeChat.func2:117] on connection
[90m[3448][0m [32m INFO[0m [goim/im.routeChat.func2.1:120] login:999999
[90m[3455][0m [32m INFO[0m [goim/im.routeChat.func2.3:150] emit:{"uid":"999999","to":2,"msg":"asdasd","msgType":1}
[90m[4359][0m [32m INFO[0m [goim/im.routeChat.func2.3:150] emit:{"uid":"999999","to":2,"msg":"asd","msgType":1}
[90m[4411][0m [32m INFO[0m [goim/im.routeChat.func2.2:141] on disconnect
[90m[4413][0m [32m INFO[0m [goim/im.routeChat.func2:117] on connection
[90m[4413][0m [32m INFO[0m [goim/im.routeChat.func2.1:120] login:999999
[90m[4419][0m [32m INFO[0m [goim/im.routeChat.func2.3:150] emit:{"uid":"999999","to":2,"msg":"asdas","msgType":1}
[90m[4422][0m [32m INFO[0m [goim/im.routeChat.func2.3:150] emit:{"uid":"999999","to":2,"msg":"asdasd","msgType":1}
[90m[4443][0m [32m INFO[0m [goim/im.routeChat.func2.2:141] on disconnect
[90m[4445][0m [32m INFO[0m [goim/im.routeChat.func2:117] on connection
[90m[4445][0m [32m INFO[0m [goim/im.routeChat.func2.1:120] login:999999
[90m[4454][0m [32m INFO[0m [goim/im.routeChat.func2.3:150] emit:{"uid":"999999","to":2,"msg":"asdsa","msgType":1}
[90m[4483][0m [32m INFO[0m [goim/im.routeChat.func2.2:141] on disconnect
[90m[4485][0m [32m INFO[0m [goim/im.routeChat.func2:117] on connection
[90m[4486][0m [32m INFO[0m [goim/im.routeChat.func2.1:120] login:999999
[90m[4491][0m [32m INFO[0m [goim/im.routeChat.func2.3:150] emit:{"uid":"999999","to":2,"msg":"asd","msgType":1}
[90m[4496][0m [32m INFO[0m [goim/im.routeChat.func2.2:141] on disconnect
[90m[4497][0m [32m INFO[0m [goim/im.routeChat.func2:117] on connection
[90m[4498][0m [32m INFO[0m [goim/im.routeChat.func2.1:120] login:999999
[90m[4503][0m [32m INFO[0m [goim/im.routeChat.func2.3:150] emit:{"uid":"999999","to":"888888","msg":"asdas","msgType":1}
[90m[4505][0m [32m INFO[0m [goim/im.routeChat.func2.3:150] emit:{"uid":"999999","to":"888888","msg":"asd","msgType":1}
[90m[4508][0m [32m INFO[0m [goim/im.routeChat.func2.3:150] emit:{"uid":"999999","to":"888888","msg":"asd","msgType":1}
[90m[4544][0m [32m INFO[0m [goim/im.routeChat.func2.2:141] on disconnect
[90m[4546][0m [32m INFO[0m [goim/im.routeChat.func2:117] on connection
[90m[4546][0m [32m INFO[0m [goim/im.routeChat.func2.1:120] login:999999
[90m[4552][0m [32m INFO[0m [goim/im.routeChat.func2.3:150] emit:{"uid":"999999","to":2,"msg":"asdasd","msgType":1}
[90m[4568][0m [32m INFO[0m [goim/im.routeChat.func2.2:141] on disconnect
[90m[4570][0m [32m INFO[0m [goim/im.routeChat.func2:117] on connection
[90m[4570][0m [32m INFO[0m [goim/im.routeChat.func2.1:120] login:999999
[90m[4671][0m [32m INFO[0m [goim/im.routeChat.func2.2:141] on disconnect
[90m[4672][0m [32m INFO[0m [goim/im.routeChat.func2:117] on connection
[90m[4673][0m [32m INFO[0m [goim/im.routeChat.func2.1:120] login:999999
[90m[4920][0m [32m INFO[0m [goim/im.routeChat.func2.3:150] emit:{"uid":"999999","to":2,"msg":"ll","msgType":1}
[90m[4923][0m [32m INFO[0m [goim/im.routeChat.func2.3:150] emit:{"uid":"999999","to":2,"msg":"ll","msgType":1}
[90m[4925][0m [32m INFO[0m [goim/im.routeChat.func2.3:150] emit:{"uid":"999999","to":2,"msg":"丽丽","msgType":1}
[90m[4928][0m [32m INFO[0m [goim/im.routeChat.func2.2:141] on disconnect
[90m[4930][0m [32m INFO[0m [goim/im.routeChat.func2:117] on connection
[90m[4930][0m [32m INFO[0m [goim/im.routeChat.func2.1:120] login:999999
[90m[4939][0m [32m INFO[0m [goim/im.routeChat.func2.3:150] emit:{"uid":"999999","to":2,"msg":"ll","msgType":1}
[90m[4976][0m [32m INFO[0m [goim/im.routeChat.func2.2:141] on disconnect
[90m[4977][0m [32m INFO[0m [goim/im.routeChat.func2:117] on connection
[90m[4978][0m [32m INFO[0m [goim/im.routeChat.func2.1:120] login:999999
[90m[4990][0m [32m INFO[0m [goim/im.routeChat.func2.2:141] on disconnect
[90m[4991][0m [32m INFO[0m [goim/im.routeChat.func2:117] on connection
[90m[4992][0m [32m INFO[0m [goim/im.routeChat.func2.1:120] login:999999
[90m[5001][0m [32m INFO[0m [goim/im.routeChat.func2.2:141] on disconnect
[90m[5002][0m [32m INFO[0m [goim/im.routeChat.func2:117] on connection
[90m[5002][0m [32m INFO[0m [goim/im.routeChat.func2.1:120] login:999999
[90m[5165][0m [32m INFO[0m [goim/im.routeChat.func2.2:141] on disconnect
[90m[5168][0m [32m INFO[0m [goim/im.routeChat.func2:117] on connection
[90m[5168][0m [32m INFO[0m [goim/im.routeChat.func2.1:120] login:999999
[90m[5193][0m [32m INFO[0m [goim/im.routeChat.func2.2:141] on disconnect
[90m[5195][0m [32m INFO[0m [goim/im.routeChat.func2:117] on connection
[90m[5196][0m [32m INFO[0m [goim/im.routeChat.func2.1:120] login:999999
[90m[5265][0m [32m INFO[0m [goim/im.routeChat.func2.2:141] on disconnect
[90m[5266][0m [32m INFO[0m [goim/im.routeChat.func2:117] on connection
[90m[5268][0m [32m INFO[0m [goim/im.routeChat.func2.1:120] login:999999
[90m[5296][0m [32m INFO[0m [goim/im.routeChat.func2.2:141] on disconnect
[90m[5296][0m [32m INFO[0m [goim/im.routeChat.func2:117] on connection
[90m[5297][0m [32m INFO[0m [goim/im.routeChat.func2.1:120] login:999999
[90m[5313][0m [32m INFO[0m [goim/im.routeChat.func2.2:141] on disconnect
[90m[5314][0m [32m INFO[0m [goim/im.routeChat.func2:117] on connection
[90m[5314][0m [32m INFO[0m [goim/im.routeChat.func2.1:120] login:999999
[90m[5338][0m [32m INFO[0m [goim/im.routeChat.func2.2:141] on disconnect
[90m[5339][0m [32m INFO[0m [goim/im.routeChat.func2:117] on connection
[90m[5339][0m [32m INFO[0m [goim/im.routeChat.func2.1:120] login:999999
[90m[5356][0m [32m INFO[0m [goim/im.routeChat.func2.2:141] on disconnect
[90m[5357][0m [32m INFO[0m [goim/im.routeChat.func2:117] on connection
[90m[5358][0m [32m INFO[0m [goim/im.routeChat.func2.1:120] login:999999
[90m[5365][0m [32m INFO[0m [goim/im.routeChat.func2.2:141] on disconnect
[90m[5366][0m [32m INFO[0m [goim/im.routeChat.func2:117] on connection
[90m[5366][0m [32m INFO[0m [goim/im.routeChat.func2.1:120] login:999999
[90m[5548][0m [32m INFO[0m [goim/im.routeChat.func2.2:141] on disconnect
[90m[5550][0m [32m INFO[0m [goim/im.routeChat.func2:117] on connection
[90m[5550][0m [32m INFO[0m [goim/im.routeChat.func2.1:120] login:999999
[90m[5571][0m [32m INFO[0m [goim/im.routeChat.func2.2:141] on disconnect
[90m[5573][0m [32m INFO[0m [goim/im.routeChat.func2:117] on connection
[90m[5573][0m [32m INFO[0m [goim/im.routeChat.func2.1:120] login:999999
[90m[5582][0m [32m INFO[0m [goim/im.routeChat.func2.2:141] on disconnect
[90m[5584][0m [32m INFO[0m [goim/im.routeChat.func2:117] on connection
[90m[5584][0m [32m INFO[0m [goim/im.routeChat.func2.1:120] login:999999
[90m[5596][0m [32m INFO[0m [goim/im.routeChat.func2.2:141] on disconnect
[90m[5598][0m [32m INFO[0m [goim/im.routeChat.func2:117] on connection
[90m[5598][0m [32m INFO[0m [goim/im.routeChat.func2.1:120] login:999999
[90m[5611][0m [32m INFO[0m [goim/im.routeChat.func2.2:141] on disconnect
[90m[5612][0m [32m INFO[0m [goim/im.routeChat.func2:117] on connection
[90m[5613][0m [32m INFO[0m [goim/im.routeChat.func2.1:120] login:999999
[90m[5622][0m [32m INFO[0m [goim/im.routeChat.func2.2:141] on disconnect
[90m[5624][0m [32m INFO[0m [goim/im.routeChat.func2:117] on connection
[90m[5624][0m [32m INFO[0m [goim/im.routeChat.func2.1:120] login:999999
[90m[5641][0m [32m INFO[0m [goim/im.routeChat.func2.2:141] on disconnect
[90m[5643][0m [32m INFO[0m [goim/im.routeChat.func2:117] on connection
[90m[5643][0m [32m INFO[0m [goim/im.routeChat.func2.1:120] login:999999
[90m[5648][0m [32m INFO[0m [goim/im.routeChat.func2.3:150] emit:{"uid":"999999","to":3,"msg":"asdas","msgType":1}
[90m[5675][0m [32m INFO[0m [goim/im.routeChat.func2.2:141] on disconnect
[90m[5677][0m [32m INFO[0m [goim/im.routeChat.func2:117] on connection
[90m[5678][0m [32m INFO[0m [goim/im.routeChat.func2.1:120] login:999999
[90m[5683][0m [32m INFO[0m [goim/im.routeChat.func2.3:150] emit:{"uid":"999999","to":3,"msg":"asd","msgType":1}
[90m[5721][0m [32m INFO[0m [goim/im.routeChat.func2.2:141] on disconnect
[90m[5723][0m [32m INFO[0m [goim/im.routeChat.func2:117] on connection
[90m[5724][0m [32m INFO[0m [goim/im.routeChat.func2.1:120] login:999999
[90m[5730][0m [32m INFO[0m [goim/im.routeChat.func2.3:150] emit:{"uid":"999999","to":3,"msg":"asda","msgType":1}
[90m[5748][0m [32m INFO[0m [goim/im.routeChat.func2.2:141] on disconnect
[90m[5749][0m [32m INFO[0m [goim/im.routeChat.func2:117] on connection
[90m[5750][0m [32m INFO[0m [goim/im.routeChat.func2.1:120] login:999999
[90m[5754][0m [32m INFO[0m [goim/im.routeChat.func2.3:150] emit:{"uid":"999999","to":4,"msg":"asda","msgType":1}
[90m[5763][0m [32m INFO[0m [goim/im.routeChat.func2.2:141] on disconnect
[90m[5765][0m [32m INFO[0m [goim/im.routeChat.func2:117] on connection
[90m[5766][0m [32m INFO[0m [goim/im.routeChat.func2.1:120] login:999999
[90m[5770][0m [32m INFO[0m [goim/im.routeChat.func2.3:150] emit:{"uid":"999999","to":4,"msg":"asdas","msgType":1}
[90m[5775][0m [32m INFO[0m [goim/im.routeChat.func2.2:141] on disconnect
[90m[5777][0m [32m INFO[0m [goim/im.routeChat.func2:117] on connection
[90m[5777][0m [32m INFO[0m [goim/im.routeChat.func2.1:120] login:999999
