[90m[1145][0m [32m INFO[0m [goim/im.routeChat.func1.4:146] on disconnect
[90m[1310][0m [32m INFO[0m [goim/im.routeChat.func1:103] on connection
[90m[1323][0m [32m INFO[0m [goim/im.routeChat.func1:103] on connection
[90m[0014][0m [32m INFO[0m [goim/im.routeChat.func1:103] on connection
[90m[0015][0m [32m INFO[0m [goim/im.routeChat.func1:103] on connection
[90m[0021][0m [32m INFO[0m [goim/db.initMysql:29] mysql:root:admin@tcp(0.0.0.0:3307)/goim?charset=utf8
[90m[0021][0m [32m INFO[0m [goim/db.initMongo:28] mongo:%s0.0.0.0:27017
[90m[0028][0m [32m INFO[0m [goim/im.routeChat.func1.4:146] on disconnect
[90m[0028][0m [32m INFO[0m [goim/im.routeChat.func1.4:146] on disconnect
[90m[0074][0m [32m INFO[0m [goim/im.routeChat.func1.4:146] on disconnect
[90m[0159][0m [32m INFO[0m [goim/im.routeChat.func1:103] on connection
[90m[0174][0m [32m INFO[0m [goim/im.routeChat.func1.4:146] on disconnect
[90m[0181][0m [32m INFO[0m [goim/im.routeChat.func1:103] on connection
[90m[0223][0m [32m INFO[0m [goim/im.routeChat.func1.4:146] on disconnect
[90m[0231][0m [32m INFO[0m [goim/im.routeChat.func1:103] on connection
[90m[0003][0m [32m INFO[0m [goim/im.routeChat.func1:103] on connection
[90m[0013][0m [32m INFO[0m [goim/im.routeChat.func1.4:146] on disconnect
[90m[0020][0m [32m INFO[0m [goim/im.routeChat.func1:103] on connection
[90m[0093][0m [32m INFO[0m [goim/im.routeChat.func1.4:146] on disconnect
[90m[0093][0m [32m INFO[0m [goim/db.initMysql:29] mysql:root:admin@tcp(0.0.0.0:3307)/goim?charset=utf8
[90m[0093][0m [32m INFO[0m [goim/db.initMongo:28] mongo:%s0.0.0.0:27017
[90m[0098][0m [32m INFO[0m [goim/im.routeChat.func1:103] on connection
[90m[0099][0m [32m INFO[0m [goim/im.routeChat.func1:103] on connection
[90m[0004][0m [32m INFO[0m [goim/im.routeChat.func1:103] on connection
[90m[0005][0m [32m INFO[0m [goim/im.routeChat.func1:103] on connection
[90m[0006][0m [32m INFO[0m [goim/im.routeChat.func1:103] on connection
[90m[0007][0m [32m INFO[0m [goim/im.routeChat.func1.4:146] on disconnect
[90m[0012][0m [32m INFO[0m [goim/im.routeChat.func1:103] on connection
[90m[0013][0m [32m INFO[0m [goim/im.routeChat.func1:103] on connection
[90m[0017][0m [32m INFO[0m [goim/im.routeChat.func1.4:146] on disconnect
[90m[0017][0m [32m INFO[0m [goim/db.initMysql:29] mysql:root:admin@tcp(0.0.0.0:3307)/goim?charset=utf8
[90m[0017][0m [32m INFO[0m [goim/db.initMongo:28] mongo:%s0.0.0.0:27017
[90m[0028][0m [32m INFO[0m [goim/im.routeChat.func1:103] on connection
[90m[0029][0m [32m INFO[0m [goim/im.routeChat.func1:103] on connection
[90m[0088][0m [32m INFO[0m [goim/im.routeChat.func1.4:146] on disconnect
[90m[0140][0m [32m INFO[0m [goim/im.routeChat.func1.4:146] on disconnect
[90m[0140][0m [32m INFO[0m [goim/im.routeChat.func1.4:146] on disconnect
[90m[0178][0m [32m INFO[0m [goim/im.routeChat.func1:103] on connection
[90m[0298][0m [32m INFO[0m [goim/im.routeChat.func1.4:146] on disconnect
[90m[0303][0m [32m INFO[0m [goim/im.routeChat.func1:103] on connection
[90m[0304][0m [32m INFO[0m [goim/im.routeChat.func1:103] on connection
[90m[0312][0m [32m INFO[0m [goim/im.routeChat.func1.4:146] on disconnect
[90m[0312][0m [32m INFO[0m [goim/im.routeChat.func1.4:146] on disconnect
[90m[0319][0m [32m INFO[0m [goim/im.routeChat.func1:103] on connection
[90m[0320][0m [32m INFO[0m [goim/im.routeChat.func1:103] on connection
[90m[0348][0m [32m INFO[0m [goim/im.routeChat.func1.4:146] on disconnect
[90m[0348][0m [32m INFO[0m [goim/im.routeChat.func1.4:146] on disconnect
[90m[0353][0m [32m INFO[0m [goim/im.routeChat.func1:103] on connection
[90m[0354][0m [32m INFO[0m [goim/im.routeChat.func1:103] on connection
[90m[0363][0m [32m INFO[0m [goim/im.routeChat.func1.4:146] on disconnect
[90m[0379][0m [32m INFO[0m [goim/im.routeChat.func1.4:146] on disconnect
[90m[0410][0m [32m INFO[0m [goim/im.routeChat.func1.4:146] on disconnect
[90m[0410][0m [32m INFO[0m [goim/im.routeChat.func1.4:146] on disconnect
[90m[0413][0m [32m INFO[0m [goim/im.routeChat.func1.4:146] on disconnect
[90m[0416][0m [32m INFO[0m [goim/im.routeChat.func1:103] on connection
[90m[0417][0m [32m INFO[0m [goim/im.routeChat.func1:103] on connection
[90m[0476][0m [32m INFO[0m [goim/im.routeChat.func1.4:146] on disconnect
[90m[0481][0m [32m INFO[0m [goim/im.routeChat.func1.4:146] on disconnect
[90m[0485][0m [32m INFO[0m [goim/im.routeChat.func1:103] on connection
[90m[0493][0m [32m INFO[0m [goim/im.routeChat.func1:103] on connection
[90m[0494][0m [32m INFO[0m [goim/im.routeChat.func1:103] on connection
[90m[0530][0m [32m INFO[0m [goim/im.routeChat.func1.4:146] on disconnect
[90m[0530][0m [32m INFO[0m [goim/im.routeChat.func1.4:146] on disconnect
[90m[0545][0m [32m INFO[0m [goim/im.routeChat.func1.4:146] on disconnect
[90m[0553][0m [32m INFO[0m [goim/im.routeChat.func1.4:146] on disconnect
[90m[0586][0m [32m INFO[0m [goim/im.routeChat.func1:103] on connection
[90m[0588][0m [32m INFO[0m [goim/im.routeChat.func1:103] on connection
[90m[0596][0m [32m INFO[0m [goim/im.routeChat.func1.4:146] on disconnect
[90m[0596][0m [32m INFO[0m [goim/im.routeChat.func1.4:146] on disconnect
[90m[0604][0m [32m INFO[0m [goim/im.routeChat.func1:103] on connection
[90m[0605][0m [32m INFO[0m [goim/im.routeChat.func1:103] on connection
[90m[0612][0m [32m INFO[0m [goim/im.routeChat.func1.4:146] on disconnect
[90m[0615][0m [32m INFO[0m [goim/im.routeChat.func1:103] on connection
[90m[0626][0m [32m INFO[0m [goim/im.routeChat.func1:103] on connection
[90m[0627][0m [32m INFO[0m [goim/im.routeChat.func1:103] on connection
[90m[0641][0m [32m INFO[0m [goim/im.routeChat.func1.4:146] on disconnect
[90m[0646][0m [32m INFO[0m [goim/im.routeChat.func1.4:146] on disconnect
[90m[0664][0m [32m INFO[0m [goim/im.routeChat.func1.4:146] on disconnect
[90m[0675][0m [32m INFO[0m [goim/im.routeChat.func1.4:146] on disconnect
[90m[0686][0m [32m INFO[0m [goim/im.routeChat.func1.4:146] on disconnect
[90m[0931][0m [32m INFO[0m [goim/im.routeChat.func1:103] on connection
[90m[0948][0m [32m INFO[0m [goim/im.routeChat.func1.4:146] on disconnect
[90m[0952][0m [32m INFO[0m [goim/im.routeChat.func1:103] on connection
[90m[0980][0m [32m INFO[0m [goim/im.routeChat.func1.4:146] on disconnect
[90m[1197][0m [32m INFO[0m [goim/im.routeChat.func1:103] on connection
[90m[1197][0m [32m INFO[0m [goim/im.routeChat.func1:103] on connection
[90m[1230][0m [32m INFO[0m [goim/im.routeChat.func1.4:146] on disconnect
[90m[1234][0m [32m INFO[0m [goim/im.routeChat.func1:103] on connection
[90m[1234][0m [32m INFO[0m [goim/im.routeChat.func1:103] on connection
[90m[1257][0m [32m INFO[0m [goim/im.routeChat.func1.4:146] on disconnect
[90m[1294][0m [32m INFO[0m [goim/im.routeChat.func1.4:146] on disconnect
[90m[0002][0m [32m INFO[0m [goim/im.routeChat.func1:103] on connection
[90m[0002][0m [32m INFO[0m [goim/im.routeChat.func1:103] on connection
[90m[0004][0m [32m INFO[0m [goim/im.routeChat.func1.4:150] on disconnect
[90m[0006][0m [32m INFO[0m [goim/im.routeChat.func1:103] on connection
[90m[0008][0m [32m INFO[0m [goim/im.routeChat.func1.4:150] on disconnect
[90m[0009][0m [32m INFO[0m [goim/im.routeChat.func1:103] on connection
[90m[0014][0m [32m INFO[0m [goim/db.initMysql:29] mysql:root:admin@tcp(0.0.0.0:3307)/goim?charset=utf8
[90m[0014][0m [32m INFO[0m [goim/db.initMongo:28] mongo:%s0.0.0.0:27017
[90m[0016][0m [32m INFO[0m [goim/im.routeChat.func1.4:150] on disconnect
[90m[0016][0m [32m INFO[0m [goim/im.routeChat.func1.4:150] on disconnect
[90m[0016][0m [32m INFO[0m [goim/im.routeChat.func1:103] on connection
[90m[0024][0m [32m INFO[0m [goim/im.routeChat.func1.4:150] on disconnect
[90m[0025][0m [32m INFO[0m [goim/im.routeChat.func1:103] on connection
[90m[0062][0m [32m INFO[0m [goim/im.routeChat.func1.4:150] on disconnect
[90m[0228][0m [32m INFO[0m [goim/im.routeChat.func1.4:150] on disconnect
[90m[0230][0m [32m INFO[0m [goim/im.routeChat.func1:103] on connection
[90m[0276][0m [32m INFO[0m [goim/im.routeChat.func1.4:150] on disconnect
[90m[0278][0m [32m INFO[0m [goim/im.routeChat.func1:103] on connection
[90m[0292][0m [32m INFO[0m [goim/im.routeChat.func1.4:150] on disconnect
[90m[0293][0m [32m INFO[0m [goim/im.routeChat.func1:103] on connection
[90m[0304][0m [32m INFO[0m [goim/im.routeChat.func1.4:150] on disconnect
[90m[0305][0m [32m INFO[0m [goim/im.routeChat.func1:103] on connection
[90m[0004][0m [32m INFO[0m [goim/im.routeChat.func1:104] on connection
[90m[0004][0m [32m INFO[0m [goim/im.routeChat.func1:107] 
[90m[0004][0m [32m INFO[0m [goim/im.routeChat.func1:104] on connection
[90m[0004][0m [32m INFO[0m [goim/im.routeChat.func1:110] 
[90m[0002][0m [32m INFO[0m [goim/im.routeChat.func1:103] on connection
[90m[0002][0m [32m INFO[0m [goim/im.routeChat.func1:106] go_im
[90m[0003][0m [32m INFO[0m [goim/im.routeChat.func1.4:153] on disconnect
[90m[0005][0m [32m INFO[0m [goim/im.routeChat.func1:103] on connection
[90m[0005][0m [32m INFO[0m [goim/im.routeChat.func1:106] go_im
[90m[0002][0m [32m INFO[0m [goim/im.routeChat.func1:103] on connection
[90m[0023][0m [32m INFO[0m [goim/db.initMysql:29] mysql:root:admin@tcp(0.0.0.0:3307)/goim?charset=utf8
[90m[0023][0m [32m INFO[0m [goim/db.initMongo:28] mongo:%s0.0.0.0:27017
[90m[0025][0m [32m INFO[0m [goim/im.routeChat.func1.4:155] on disconnect
[90m[0025][0m [32m INFO[0m [goim/im.routeChat.func1.4:155] on disconnect
[90m[0025][0m [32m INFO[0m [goim/im.routeChat.func1:103] on connection
[90m[0050][0m [32m INFO[0m [goim/im.routeChat.func1.4:155] on disconnect
[90m[0050][0m [32m INFO[0m [goim/im.routeChat.func1.4:155] on disconnect
[90m[0050][0m [32m INFO[0m [goim/im.routeChat.func1:103] on connection
[90m[0132][0m [32m INFO[0m [goim/im.routeChat.func1.4:155] on disconnect
[90m[0390][0m [32m INFO[0m [goim/im.routeChat.func1:103] on connection
[90m[0392][0m [32m INFO[0m [goim/im.routeChat.func1:103] on connection
[90m[0394][0m [32m INFO[0m [goim/im.routeChat.func1.4:155] on disconnect
[90m[0394][0m [32m INFO[0m [goim/im.routeChat.func1:103] on connection
[90m[0402][0m [32m INFO[0m [goim/im.routeChat.func1.4:155] on disconnect
[90m[0402][0m [32m INFO[0m [goim/im.routeChat.func1.4:155] on disconnect
[90m[0402][0m [32m INFO[0m [goim/im.routeChat.func1:103] on connection
[90m[0402][0m [32m INFO[0m [goim/im.routeChat.func1:103] on connection
[90m[0404][0m [32m INFO[0m [goim/im.routeChat.func1.4:155] on disconnect
[90m[0404][0m [32m INFO[0m [goim/im.routeChat.func1.4:155] on disconnect
[90m[0404][0m [32m INFO[0m [goim/im.routeChat.func1:103] on connection
[90m[0405][0m [32m INFO[0m [goim/im.routeChat.func1:103] on connection
[90m[0406][0m [32m INFO[0m [goim/im.routeChat.func1.4:155] on disconnect
[90m[0406][0m [32m INFO[0m [goim/im.routeChat.func1.4:155] on disconnect
[90m[0406][0m [32m INFO[0m [goim/im.routeChat.func1:103] on connection
[90m[0408][0m [32m INFO[0m [goim/im.routeChat.func1:103] on connection
[90m[0450][0m [32m INFO[0m [goim/im.routeChat.func1.4:155] on disconnect
[90m[0462][0m [32m INFO[0m [goim/im.routeChat.func1.4:155] on disconnect
[90m[0464][0m [32m INFO[0m [goim/im.routeChat.func1.4:155] on disconnect
[90m[0466][0m [32m INFO[0m [goim/im.routeChat.func1.4:155] on disconnect
[90m[0489][0m [32m INFO[0m [goim/im.routeChat.func1.4:155] on disconnect
[90m[0489][0m [32m INFO[0m [goim/im.routeChat.func1:103] on connection
[90m[0499][0m [32m INFO[0m [goim/im.routeChat.func1.4:155] on disconnect
[90m[0499][0m [32m INFO[0m [goim/im.routeChat.func1.4:155] on disconnect
[90m[0499][0m [32m INFO[0m [goim/im.routeChat.func1:103] on connection
[90m[0500][0m [32m INFO[0m [goim/im.routeChat.func1:103] on connection
[90m[0500][0m [32m INFO[0m [goim/im.routeChat.func1:103] on connection
[90m[0501][0m [32m INFO[0m [goim/im.routeChat.func1:103] on connection
[90m[0501][0m [32m INFO[0m [goim/im.routeChat.func1:103] on connection
[90m[0502][0m [32m INFO[0m [goim/im.routeChat.func1:103] on connection
[90m[0527][0m [32m INFO[0m [goim/im.routeChat.func1.4:155] on disconnect
[90m[0529][0m [32m INFO[0m [goim/im.routeChat.func1:103] on connection
[90m[0534][0m [32m INFO[0m [goim/im.routeChat.func1.4:155] on disconnect
[90m[0536][0m [32m INFO[0m [goim/im.routeChat.func1:103] on connection
[90m[0538][0m [32m INFO[0m [goim/im.routeChat.func1.4:155] on disconnect
[90m[0539][0m [32m INFO[0m [goim/im.routeChat.func1:103] on connection
[90m[0560][0m [32m INFO[0m [goim/im.routeChat.func1.4:155] on disconnect
[90m[0560][0m [32m INFO[0m [goim/im.routeChat.func1.4:155] on disconnect
[90m[0560][0m [32m INFO[0m [goim/im.routeChat.func1.4:155] on disconnect
[90m[0561][0m [32m INFO[0m [goim/im.routeChat.func1.4:155] on disconnect
[90m[0561][0m [32m INFO[0m [goim/im.routeChat.func1.4:155] on disconnect
[90m[0674][0m [32m INFO[0m [goim/im.routeChat.func1.4:155] on disconnect
[90m[0674][0m [32m INFO[0m [goim/im.routeChat.func1.4:155] on disconnect
[90m[0682][0m [32m INFO[0m [goim/im.routeChat.func1:103] on connection
[90m[0683][0m [32m INFO[0m [goim/im.routeChat.func1:103] on connection
[90m[0736][0m [32m INFO[0m [goim/im.routeChat.func1.4:155] on disconnect
[90m[0737][0m [32m INFO[0m [goim/im.routeChat.func1:103] on connection
[90m[0742][0m [32m INFO[0m [goim/im.routeChat.func1.4:155] on disconnect
[90m[0742][0m [32m INFO[0m [goim/im.routeChat.func1.4:155] on disconnect
[90m[0742][0m [32m INFO[0m [goim/im.routeChat.func1.4:155] on disconnect
[90m[0746][0m [32m INFO[0m [goim/im.routeChat.func1:103] on connection
[90m[0747][0m [32m INFO[0m [goim/im.routeChat.func1:103] on connection
[90m[0775][0m [32m INFO[0m [goim/im.routeChat.func1.4:155] on disconnect
[90m[0776][0m [32m INFO[0m [goim/im.routeChat.func1:103] on connection
[90m[0793][0m [32m INFO[0m [goim/im.routeChat.func1.4:155] on disconnect
[90m[0793][0m [32m INFO[0m [goim/im.routeChat.func1:103] on connection
[90m[0796][0m [32m INFO[0m [goim/im.routeChat.func1.4:155] on disconnect
[90m[0801][0m [32m INFO[0m [goim/im.routeChat.func1:103] on connection
[90m[0802][0m [32m INFO[0m [goim/im.routeChat.func1:103] on connection
[90m[0806][0m [32m INFO[0m [goim/im.routeChat.func1.4:155] on disconnect
[90m[0807][0m [32m INFO[0m [goim/im.routeChat.func1.4:155] on disconnect
[90m[0811][0m [32m INFO[0m [goim/im.routeChat.func1:103] on connection
[90m[0812][0m [32m INFO[0m [goim/im.routeChat.func1:103] on connection
[90m[0828][0m [32m INFO[0m [goim/im.routeChat.func1.4:155] on disconnect
[90m[0853][0m [32m INFO[0m [goim/im.routeChat.func1:103] on connection
[90m[0856][0m [32m INFO[0m [goim/im.routeChat.func1.4:155] on disconnect
[90m[0859][0m [32m INFO[0m [goim/im.routeChat.func1:103] on connection
[90m[0859][0m [32m INFO[0m [goim/im.routeChat.func1:103] on connection
[90m[0861][0m [32m INFO[0m [goim/im.routeChat.func1.4:155] on disconnect
[90m[0871][0m [32m INFO[0m [goim/im.routeChat.func1.4:155] on disconnect
[90m[0891][0m [32m INFO[0m [goim/im.routeChat.func1.4:155] on disconnect
[90m[0895][0m [32m INFO[0m [goim/im.routeChat.func1:103] on connection
[90m[0897][0m [32m INFO[0m [goim/im.routeChat.func1:103] on connection
[90m[0913][0m [32m INFO[0m [goim/im.routeChat.func1.4:155] on disconnect
[90m[0919][0m [32m INFO[0m [goim/im.routeChat.func1.4:155] on disconnect
[90m[0955][0m [32m INFO[0m [goim/im.routeChat.func1.4:155] on disconnect
[90m[1084][0m [32m INFO[0m [goim/im.routeChat.func1:103] on connection
[90m[1091][0m [32m INFO[0m [goim/im.routeChat.func1.4:155] on disconnect
[90m[1102][0m [32m INFO[0m [goim/im.routeChat.func1:103] on connection
[90m[1104][0m [32m INFO[0m [goim/im.routeChat.func1:103] on connection
[90m[1162][0m [32m INFO[0m [goim/im.routeChat.func1.4:155] on disconnect
[90m[1565][0m [32m INFO[0m [goim/im.routeChat.func1.4:155] on disconnect
[90m[1567][0m [32m INFO[0m [goim/im.routeChat.func1:103] on connection
[90m[1578][0m [32m INFO[0m [goim/im.routeChat.func1.4:155] on disconnect
[90m[1580][0m [32m INFO[0m [goim/im.routeChat.func1:103] on connection
[90m[1588][0m [32m INFO[0m [goim/im.routeChat.func1.4:155] on disconnect
[90m[1590][0m [32m INFO[0m [goim/im.routeChat.func1:103] on connection
[90m[1599][0m [32m INFO[0m [goim/im.routeChat.func1.4:155] on disconnect
[90m[1599][0m [32m INFO[0m [goim/im.routeChat.func1.4:155] on disconnect
[90m[1601][0m [32m INFO[0m [goim/im.routeChat.func1:103] on connection
[90m[1605][0m [32m INFO[0m [goim/im.routeChat.func1:103] on connection
[90m[1614][0m [32m INFO[0m [goim/im.routeChat.func1:103] on connection
[90m[1615][0m [32m INFO[0m [goim/im.routeChat.func1:103] on connection
[90m[1661][0m [32m INFO[0m [goim/im.routeChat.func1.4:155] on disconnect
[90m[1665][0m [32m INFO[0m [goim/im.routeChat.func1.4:155] on disconnect
[90m[1674][0m [32m INFO[0m [goim/im.routeChat.func1.4:155] on disconnect
[90m[1675][0m [32m INFO[0m [goim/im.routeChat.func1.4:155] on disconnect
[90m[1759][0m [32m INFO[0m [goim/im.routeChat.func1:103] on connection
[90m[1760][0m [32m INFO[0m [goim/im.routeChat.func1:103] on connection
[90m[1774][0m [32m INFO[0m [goim/im.routeChat.func1:103] on connection
[90m[1775][0m [32m INFO[0m [goim/im.routeChat.func1:103] on connection
[90m[1776][0m [32m INFO[0m [goim/im.routeChat.func1.4:155] on disconnect
[90m[1777][0m [32m INFO[0m [goim/im.routeChat.func1:103] on connection
[90m[1777][0m [32m INFO[0m [goim/im.routeChat.func1.4:155] on disconnect
[90m[1783][0m [32m INFO[0m [goim/im.routeChat.func1:103] on connection
[90m[1784][0m [32m INFO[0m [goim/im.routeChat.func1:103] on connection
[90m[1788][0m [32m INFO[0m [goim/im.routeChat.func1.4:155] on disconnect
[90m[1796][0m [32m INFO[0m [goim/im.routeChat.func1:103] on connection
[90m[1798][0m [32m INFO[0m [goim/im.routeChat.func1:103] on connection
[90m[1799][0m [32m INFO[0m [goim/im.routeChat.func1:103] on connection
[90m[1805][0m [32m INFO[0m [goim/im.routeChat.func1:103] on connection
[90m[1811][0m [32m INFO[0m [goim/im.routeChat.func1:103] on connection
[90m[1811][0m [32m INFO[0m [goim/im.routeChat.func1:103] on connection
[90m[1812][0m [32m INFO[0m [goim/im.routeChat.func1:103] on connection
[90m[1819][0m [32m INFO[0m [goim/im.routeChat.func1.4:155] on disconnect
[90m[1820][0m [32m INFO[0m [goim/im.routeChat.func1.4:155] on disconnect
[90m[1834][0m [32m INFO[0m [goim/im.routeChat.func1.4:155] on disconnect
[90m[1843][0m [32m INFO[0m [goim/im.routeChat.func1.4:155] on disconnect
[90m[1854][0m [32m INFO[0m [goim/im.routeChat.func1:103] on connection
[90m[1856][0m [32m INFO[0m [goim/im.routeChat.func1.4:155] on disconnect
[90m[1858][0m [32m INFO[0m [goim/im.routeChat.func1.4:155] on disconnect
[90m[1859][0m [32m INFO[0m [goim/im.routeChat.func1.4:155] on disconnect
[90m[1865][0m [32m INFO[0m [goim/im.routeChat.func1.4:155] on disconnect
[90m[1870][0m [32m INFO[0m [goim/im.routeChat.func1:103] on connection
[90m[1871][0m [32m INFO[0m [goim/im.routeChat.func1.4:155] on disconnect
[90m[1871][0m [32m INFO[0m [goim/im.routeChat.func1.4:155] on disconnect
[90m[1872][0m [32m INFO[0m [goim/im.routeChat.func1.4:155] on disconnect
[90m[1875][0m [32m INFO[0m [goim/im.routeChat.func1:103] on connection
[90m[1914][0m [32m INFO[0m [goim/im.routeChat.func1.4:155] on disconnect
[90m[1930][0m [32m INFO[0m [goim/im.routeChat.func1.4:155] on disconnect
[90m[1935][0m [32m INFO[0m [goim/im.routeChat.func1.4:155] on disconnect
[90m[2117][0m [32m INFO[0m [goim/im.routeChat.func1:103] on connection
[90m[2140][0m [32m INFO[0m [goim/im.routeChat.func1:103] on connection
[90m[2142][0m [32m INFO[0m [goim/im.routeChat.func1:103] on connection
[90m[2177][0m [32m INFO[0m [goim/im.routeChat.func1.4:155] on disconnect
[90m[2200][0m [32m INFO[0m [goim/im.routeChat.func1.4:155] on disconnect
[90m[2202][0m [32m INFO[0m [goim/im.routeChat.func1.4:155] on disconnect
[90m[0004][0m [32m INFO[0m [goim/im.routeChat.func1:103] on connection
[90m[0018][0m [32m INFO[0m [goim/im.routeChat.func1:103] on connection
[90m[0026][0m [32m INFO[0m [goim/db.initMysql:29] mysql:root:admin@tcp(0.0.0.0:3307)/goim?charset=utf8
[90m[0026][0m [32m INFO[0m [goim/db.initMongo:28] mongo:%s0.0.0.0:27017
[90m[0030][0m [32m INFO[0m [goim/im.routeChat.func1:103] on connection
[90m[0044][0m [32m INFO[0m [goim/im.routeChat.func1:103] on connection
[90m[0047][0m [32m INFO[0m [goim/im.routeChat.func1:103] on connection
[90m[0055][0m [32m INFO[0m [goim/im.routeChat.func1:103] on connection
[90m[0062][0m [32m INFO[0m [goim/im.routeChat.func1.4:155] on disconnect
[90m[0070][0m [32m INFO[0m [goim/im.routeChat.func1:103] on connection
[90m[0077][0m [32m INFO[0m [goim/im.routeChat.func1:103] on connection
[90m[0086][0m [32m INFO[0m [goim/im.routeChat.func1:103] on connection
[90m[0093][0m [32m INFO[0m [goim/im.routeChat.func1.4:155] on disconnect
[90m[0097][0m [32m INFO[0m [goim/im.routeChat.func1.4:155] on disconnect
[90m[0097][0m [32m INFO[0m [goim/im.routeChat.func1.4:155] on disconnect
[90m[0100][0m [32m INFO[0m [goim/im.routeChat.func1:103] on connection
[90m[0104][0m [32m INFO[0m [goim/im.routeChat.func1.4:155] on disconnect
[90m[0106][0m [32m INFO[0m [goim/im.routeChat.func1:103] on connection
[90m[0107][0m [32m INFO[0m [goim/im.routeChat.func1.4:155] on disconnect
[90m[0130][0m [32m INFO[0m [goim/im.routeChat.func1.4:155] on disconnect
[90m[0137][0m [32m INFO[0m [goim/im.routeChat.func1.4:155] on disconnect
[90m[0160][0m [32m INFO[0m [goim/im.routeChat.func1.4:155] on disconnect
[90m[0166][0m [32m INFO[0m [goim/im.routeChat.func1.4:155] on disconnect
[90m[0240][0m [32m INFO[0m [goim/im.routeChat.func1:103] on connection
[90m[0244][0m [32m INFO[0m [goim/im.routeChat.func1.4:155] on disconnect
[90m[0246][0m [32m INFO[0m [goim/im.routeChat.func1:103] on connection
[90m[0249][0m [32m INFO[0m [goim/im.routeChat.func1:103] on connection
[90m[0261][0m [32m INFO[0m [goim/im.routeChat.func1:103] on connection
[90m[0266][0m [32m INFO[0m [goim/im.routeChat.func1.4:155] on disconnect
[90m[0267][0m [32m INFO[0m [goim/im.routeChat.func1:103] on connection
[90m[0306][0m [32m INFO[0m [goim/im.routeChat.func1.4:155] on disconnect
[90m[0309][0m [32m INFO[0m [goim/im.routeChat.func1.4:155] on disconnect
[90m[0327][0m [32m INFO[0m [goim/im.routeChat.func1.4:155] on disconnect
[90m[0405][0m [32m INFO[0m [goim/im.routeChat.func1:103] on connection
[90m[0410][0m [32m INFO[0m [goim/im.routeChat.func1.4:155] on disconnect
[90m[0412][0m [32m INFO[0m [goim/im.routeChat.func1:103] on connection
[90m[0415][0m [32m INFO[0m [goim/im.routeChat.func1:103] on connection
[90m[0472][0m [32m INFO[0m [goim/im.routeChat.func1.4:155] on disconnect
[90m[0475][0m [32m INFO[0m [goim/im.routeChat.func1.4:155] on disconnect
[90m[0496][0m [32m INFO[0m [goim/im.routeChat.func1:103] on connection
[90m[0497][0m [32m INFO[0m [goim/im.routeChat.func1:103] on connection
[90m[0521][0m [32m INFO[0m [goim/im.routeChat.func1.4:155] on disconnect
[90m[0524][0m [32m INFO[0m [goim/im.routeChat.func1:103] on connection
[90m[0525][0m [32m INFO[0m [goim/im.routeChat.func1:103] on connection
[90m[0527][0m [32m INFO[0m [goim/im.routeChat.func1.4:155] on disconnect
[90m[0534][0m [32m INFO[0m [goim/im.routeChat.func1:103] on connection
[90m[0535][0m [32m INFO[0m [goim/im.routeChat.func1:103] on connection
[90m[0548][0m [32m INFO[0m [goim/im.routeChat.func1.4:155] on disconnect
[90m[0550][0m [32m INFO[0m [goim/im.routeChat.func1:103] on connection
[90m[0550][0m [32m INFO[0m [goim/im.routeChat.func1:103] on connection
[90m[0556][0m [32m INFO[0m [goim/im.routeChat.func1.4:155] on disconnect
[90m[0584][0m [32m INFO[0m [goim/im.routeChat.func1.4:155] on disconnect
[90m[0594][0m [32m INFO[0m [goim/im.routeChat.func1.4:155] on disconnect
[90m[0610][0m [32m INFO[0m [goim/im.routeChat.func1.4:155] on disconnect
[90m[0620][0m [32m INFO[0m [goim/im.routeChat.func1.4:155] on disconnect
[90m[0995][0m [32m INFO[0m [goim/im.routeChat.func1:103] on connection
[90m[1055][0m [32m INFO[0m [goim/im.routeChat.func1.4:155] on disconnect
[90m[1492][0m [32m INFO[0m [goim/im.routeChat.func1:103] on connection
[90m[1508][0m [32m INFO[0m [goim/im.routeChat.func1.4:155] on disconnect
[90m[1515][0m [32m INFO[0m [goim/im.routeChat.func1:103] on connection
[90m[1529][0m [32m INFO[0m [goim/im.routeChat.func1:103] on connection
[90m[1530][0m [32m INFO[0m [goim/im.routeChat.func1:103] on connection
[90m[1530][0m [32m INFO[0m [goim/im.routeChat.func1:103] on connection
[90m[1563][0m [32m INFO[0m [goim/im.routeChat.func1:103] on connection
[90m[1564][0m [32m INFO[0m [goim/im.routeChat.func1:103] on connection
[90m[1574][0m [32m INFO[0m [goim/im.routeChat.func1.4:155] on disconnect
[90m[1575][0m [32m INFO[0m [goim/im.routeChat.func1.4:155] on disconnect
[90m[1580][0m [32m INFO[0m [goim/im.routeChat.func1:103] on connection
[90m[1582][0m [32m INFO[0m [goim/im.routeChat.func1:103] on connection
[90m[0003][0m [32m INFO[0m [goim/im.routeChat.func1:103] on connection
[90m[0055][0m [32m INFO[0m [goim/im.routeChat.func1.4:155] on disconnect
[90m[0060][0m [32m INFO[0m [goim/im.routeChat.func1:103] on connection
[90m[0061][0m [32m INFO[0m [goim/im.routeChat.func1:103] on connection
[90m[0065][0m [32m INFO[0m [goim/db.initMysql:29] mysql:root:admin@tcp(0.0.0.0:3307)/goim?charset=utf8
[90m[0065][0m [32m INFO[0m [goim/db.initMongo:28] mongo:%s0.0.0.0:27017
[90m[0077][0m [32m INFO[0m [goim/im.routeChat.func1.4:155] on disconnect
[90m[0077][0m [32m INFO[0m [goim/im.routeChat.func1.4:155] on disconnect
[90m[0091][0m [32m INFO[0m [goim/im.routeChat.func1:103] on connection
[90m[0092][0m [32m INFO[0m [goim/im.routeChat.func1:103] on connection
[90m[0102][0m [32m INFO[0m [goim/im.routeChat.func1.4:155] on disconnect
[90m[0104][0m [32m INFO[0m [goim/im.routeChat.func1:103] on connection
[90m[0113][0m [32m INFO[0m [goim/im.routeChat.func1.4:155] on disconnect
[90m[0113][0m [32m INFO[0m [goim/im.routeChat.func1.4:155] on disconnect
[90m[0117][0m [32m INFO[0m [goim/im.routeChat.func1:103] on connection
[90m[0119][0m [32m INFO[0m [goim/im.routeChat.func1:103] on connection
[90m[0120][0m [32m INFO[0m [goim/im.routeChat.func1.4:155] on disconnect
[90m[0147][0m [32m INFO[0m [goim/im.routeChat.func1.4:155] on disconnect
[90m[0147][0m [32m INFO[0m [goim/im.routeChat.func1.4:155] on disconnect
[90m[0151][0m [32m INFO[0m [goim/im.routeChat.func1.4:155] on disconnect
[90m[0157][0m [32m INFO[0m [goim/im.routeChat.func1:103] on connection
[90m[0157][0m [32m INFO[0m [goim/im.routeChat.func1.4:155] on disconnect
[90m[0163][0m [32m INFO[0m [goim/im.routeChat.func1:103] on connection
[90m[0163][0m [32m INFO[0m [goim/im.routeChat.func1.4:155] on disconnect
[90m[0177][0m [32m INFO[0m [goim/im.routeChat.func1.4:155] on disconnect
[90m[0210][0m [32m INFO[0m [goim/im.routeChat.func1:103] on connection
[90m[0212][0m [32m INFO[0m [goim/im.routeChat.func1.4:155] on disconnect
[90m[0228][0m [32m INFO[0m [goim/im.routeChat.func1:103] on connection
[90m[0238][0m [32m INFO[0m [goim/im.routeChat.func1.4:155] on disconnect
[90m[0238][0m [32m INFO[0m [goim/im.routeChat.func1.4:155] on disconnect
[90m[0259][0m [32m INFO[0m [goim/im.routeChat.func1:103] on connection
[90m[0271][0m [32m INFO[0m [goim/im.routeChat.func1.4:155] on disconnect
[90m[0271][0m [32m INFO[0m [goim/im.routeChat.func1.4:155] on disconnect
[90m[0499][0m [32m INFO[0m [goim/im.routeChat.func1:103] on connection
[90m[0518][0m [32m INFO[0m [goim/im.routeChat.func1.4:155] on disconnect
[90m[0522][0m [32m INFO[0m [goim/im.routeChat.func1:103] on connection
[90m[0524][0m [32m INFO[0m [goim/im.routeChat.func1:103] on connection
[90m[0530][0m [32m INFO[0m [goim/im.routeChat.func1.4:155] on disconnect
[90m[0530][0m [32m INFO[0m [goim/im.routeChat.func1.4:155] on disconnect
[90m[0533][0m [32m INFO[0m [goim/im.routeChat.func1:103] on connection
[90m[0534][0m [32m INFO[0m [goim/im.routeChat.func1:103] on connection
[90m[0551][0m [32m INFO[0m [goim/im.routeChat.func1.4:155] on disconnect
[90m[0551][0m [32m INFO[0m [goim/im.routeChat.func1.4:155] on disconnect
[90m[0582][0m [32m INFO[0m [goim/im.routeChat.func1.4:155] on disconnect
[90m[0586][0m [32m INFO[0m [goim/im.routeChat.func1:103] on connection
[90m[0593][0m [32m INFO[0m [goim/im.routeChat.func1.4:155] on disconnect
[90m[0604][0m [32m INFO[0m [goim/im.routeChat.func1.4:155] on disconnect
[90m[0606][0m [32m INFO[0m [goim/im.routeChat.func1:103] on connection
[90m[0817][0m [32m INFO[0m [goim/im.routeChat.func1.4:155] on disconnect
[90m[0819][0m [32m INFO[0m [goim/im.routeChat.func1:103] on connection
[90m[0874][0m [32m INFO[0m [goim/im.routeChat.func1.4:155] on disconnect
[90m[0875][0m [32m INFO[0m [goim/im.routeChat.func1:103] on connection
[90m[0933][0m [32m INFO[0m [goim/im.routeChat.func1.4:155] on disconnect
[90m[0935][0m [32m INFO[0m [goim/im.routeChat.func1:103] on connection
[90m[0945][0m [32m INFO[0m [goim/im.routeChat.func1.4:155] on disconnect
[90m[0947][0m [32m INFO[0m [goim/im.routeChat.func1:103] on connection
[90m[0956][0m [32m INFO[0m [goim/im.routeChat.func1.4:155] on disconnect
[90m[0956][0m [32m INFO[0m [goim/im.routeChat.func1.4:155] on disconnect
[90m[0964][0m [32m INFO[0m [goim/im.routeChat.func1:103] on connection
[90m[1005][0m [32m INFO[0m [goim/im.routeChat.func1.4:155] on disconnect
[90m[1008][0m [32m INFO[0m [goim/im.routeChat.func1:103] on connection
[90m[1012][0m [32m INFO[0m [goim/im.routeChat.func1:103] on connection
[90m[1035][0m [32m INFO[0m [goim/im.routeChat.func1.4:155] on disconnect
[90m[1037][0m [32m INFO[0m [goim/im.routeChat.func1:103] on connection
[90m[1040][0m [32m INFO[0m [goim/im.routeChat.func1:103] on connection
[90m[1046][0m [32m INFO[0m [goim/im.routeChat.func1.4:155] on disconnect
[90m[1046][0m [32m INFO[0m [goim/im.routeChat.func1.4:155] on disconnect
[90m[1051][0m [32m INFO[0m [goim/im.routeChat.func1:103] on connection
[90m[1056][0m [32m INFO[0m [goim/im.routeChat.func1.4:155] on disconnect
[90m[1056][0m [32m INFO[0m [goim/im.routeChat.func1.4:155] on disconnect
[90m[1063][0m [32m INFO[0m [goim/im.routeChat.func1:103] on connection
[90m[1068][0m [32m INFO[0m [goim/im.routeChat.func1.4:155] on disconnect
[90m[1073][0m [32m INFO[0m [goim/im.routeChat.func1.4:155] on disconnect
[90m[1073][0m [32m INFO[0m [goim/im.routeChat.func1.4:155] on disconnect
[90m[1078][0m [32m INFO[0m [goim/im.routeChat.func1:103] on connection
[90m[1085][0m [32m INFO[0m [goim/im.routeChat.func1.4:155] on disconnect
[90m[1085][0m [32m INFO[0m [goim/im.routeChat.func1.4:155] on disconnect
[90m[1097][0m [32m INFO[0m [goim/im.routeChat.func1.4:155] on disconnect
[90m[1101][0m [32m INFO[0m [goim/im.routeChat.func1:103] on connection
[90m[1120][0m [32m INFO[0m [goim/im.routeChat.func1.4:155] on disconnect
[90m[1129][0m [32m INFO[0m [goim/im.routeChat.func1:103] on connection
[90m[1131][0m [32m INFO[0m [goim/im.routeChat.func1.4:155] on disconnect
[90m[1131][0m [32m INFO[0m [goim/im.routeChat.func1.4:155] on disconnect
[90m[1143][0m [32m INFO[0m [goim/im.routeChat.func1:103] on connection
[90m[1152][0m [32m INFO[0m [goim/im.routeChat.func1.4:155] on disconnect
[90m[1152][0m [32m INFO[0m [goim/im.routeChat.func1.4:155] on disconnect
[90m[1182][0m [32m INFO[0m [goim/im.routeChat.func1:103] on connection
[90m[1183][0m [32m INFO[0m [goim/im.routeChat.func1.4:155] on disconnect
[90m[1188][0m [32m INFO[0m [goim/im.routeChat.func1:103] on connection
[90m[1188][0m [32m INFO[0m [goim/im.routeChat.func1.4:155] on disconnect
[90m[1194][0m [32m INFO[0m [goim/im.routeChat.func1:103] on connection
[90m[1194][0m [32m INFO[0m [goim/im.routeChat.func1.4:155] on disconnect
[90m[1200][0m [32m INFO[0m [goim/im.routeChat.func1:103] on connection
[90m[0103][0m [32m INFO[0m [goim/im.routeChat.func1:103] on connection
[90m[0104][0m [32m INFO[0m [goim/db.initMysql:29] mysql:root:admin@tcp(0.0.0.0:3307)/goim?charset=utf8
[90m[0104][0m [32m INFO[0m [goim/im.routeChat.func1.4:155] on disconnect
[90m[0113][0m [32m INFO[0m [goim/im.routeChat.func1:103] on connection
[90m[0114][0m [32m INFO[0m [goim/im.routeChat.func1.4:155] on disconnect
[90m[0163][0m [32m INFO[0m [goim/im.routeChat.func1:103] on connection
[90m[0163][0m [32m INFO[0m [goim/db.initMongo:28] mongo:%s0.0.0.0:27017
[90m[0375][0m [32m INFO[0m [goim/im.routeChat.func1:103] on connection
[90m[0378][0m [32m INFO[0m [goim/im.routeChat.func1.4:155] on disconnect
[90m[0382][0m [32m INFO[0m [goim/im.routeChat.func1.4:155] on disconnect
[90m[0412][0m [32m INFO[0m [goim/im.routeChat.func1:103] on connection
[90m[0431][0m [32m INFO[0m [goim/im.routeChat.func1.2:130] emit:{"uid":"888888","to":"999999","msg":"你好","msgType":1}
[90m[0475][0m [32m INFO[0m [goim/im.routeChat.func1:103] on connection
[90m[0480][0m [32m INFO[0m [goim/im.routeChat.func1.2:130] emit:{"uid":"999999","to":"888888","msg":"asdasd","msgType":1}
[90m[0487][0m [32m INFO[0m [goim/im.routeChat.func1.2:130] emit:{"uid":"888888","to":"999999","msg":"asd","msgType":1}
[90m[0735][0m [32m INFO[0m [goim/im.routeChat.func1.4:155] on disconnect
[90m[0736][0m [32m INFO[0m [goim/im.routeChat.func1.4:155] on disconnect
[90m[0826][0m [32m INFO[0m [goim/im.routeChat.func1:103] on connection
[90m[0830][0m [32m INFO[0m [goim/im.routeChat.func1.4:155] on disconnect
[90m[0932][0m [32m INFO[0m [goim/im.routeChat.func1:103] on connection
[90m[0932][0m [32m INFO[0m [goim/im.routeChat.func1:103] on connection
[90m[0936][0m [32m INFO[0m [goim/im.routeChat.func1.4:155] on disconnect
[90m[0937][0m [32m INFO[0m [goim/im.routeChat.func1:103] on connection
[90m[0948][0m [32m INFO[0m [goim/im.routeChat.func1.4:155] on disconnect
[90m[0949][0m [32m INFO[0m [goim/im.routeChat.func1:103] on connection
[90m[0960][0m [32m INFO[0m [goim/im.routeChat.func1.2:130] emit:{"uid":"999999","to":"888888","msg":"asdas","msgType":1}
[90m[0968][0m [32m INFO[0m [goim/im.routeChat.func1.2:130] emit:{"uid":"888888","to":"999999","msg":"asdas","msgType":1}
[90m[0971][0m [32m INFO[0m [goim/im.routeChat.func1.2:130] emit:{"uid":"999999","to":"888888","msg":"asd","msgType":1}
[90m[0972][0m [32m INFO[0m [goim/im.routeChat.func1.2:130] emit:{"uid":"999999","to":"888888","msg":"asd","msgType":1}
[90m[0973][0m [32m INFO[0m [goim/im.routeChat.func1.2:130] emit:{"uid":"999999","to":"888888","msg":"asd","msgType":1}
[90m[0973][0m [32m INFO[0m [goim/im.routeChat.func1.2:130] emit:{"uid":"999999","to":"888888","msg":"asdas","msgType":1}
[90m[0973][0m [32m INFO[0m [goim/im.routeChat.func1.2:130] emit:{"uid":"999999","to":"888888","msg":"d","msgType":1}
[90m[0973][0m [32m INFO[0m [goim/im.routeChat.func1.2:130] emit:{"uid":"999999","to":"888888","msg":"asd","msgType":1}
[90m[0973][0m [32m INFO[0m [goim/im.routeChat.func1.2:130] emit:{"uid":"999999","to":"888888","msg":"sa","msgType":1}
[90m[0974][0m [32m INFO[0m [goim/im.routeChat.func1.2:130] emit:{"uid":"999999","to":"888888","msg":"das","msgType":1}
[90m[0974][0m [32m INFO[0m [goim/im.routeChat.func1.2:130] emit:{"uid":"999999","to":"888888","msg":"dasd","msgType":1}
[90m[0974][0m [32m INFO[0m [goim/im.routeChat.func1.2:130] emit:{"uid":"999999","to":"888888","msg":"as","msgType":1}
[90m[0974][0m [32m INFO[0m [goim/im.routeChat.func1.2:130] emit:{"uid":"999999","to":"888888","msg":"das","msgType":1}
[90m[0975][0m [32m INFO[0m [goim/im.routeChat.func1.2:130] emit:{"uid":"999999","to":"888888","msg":"d","msgType":1}
[90m[0975][0m [32m INFO[0m [goim/im.routeChat.func1.2:130] emit:{"uid":"999999","to":"888888","msg":"asd","msgType":1}
[90m[0975][0m [32m INFO[0m [goim/im.routeChat.func1.2:130] emit:{"uid":"999999","to":"888888","msg":"as","msgType":1}
[90m[0975][0m [32m INFO[0m [goim/im.routeChat.func1.2:130] emit:{"uid":"999999","to":"888888","msg":"das","msgType":1}
[90m[0975][0m [32m INFO[0m [goim/im.routeChat.func1.2:130] emit:{"uid":"999999","to":"888888","msg":"d","msgType":1}
[90m[0975][0m [32m INFO[0m [goim/im.routeChat.func1.2:130] emit:{"uid":"999999","to":"888888","msg":"as","msgType":1}
[90m[0976][0m [32m INFO[0m [goim/im.routeChat.func1.2:130] emit:{"uid":"999999","to":"888888","msg":"das","msgType":1}
[90m[0976][0m [32m INFO[0m [goim/im.routeChat.func1.2:130] emit:{"uid":"999999","to":"888888","msg":"das","msgType":1}
[90m[1018][0m [32m INFO[0m [goim/im.routeChat.func1.4:155] on disconnect
[90m[1019][0m [32m INFO[0m [goim/im.routeChat.func1.4:155] on disconnect
[90m[1019][0m [32m INFO[0m [goim/im.routeChat.func1:103] on connection
[90m[1019][0m [32m INFO[0m [goim/im.routeChat.func1:103] on connection
[90m[3584][0m [32m INFO[0m [goim/im.routeChat.func1.4:155] on disconnect
[90m[3584][0m [32m INFO[0m [goim/im.routeChat.func1.4:155] on disconnect
[90m[3584][0m [32m INFO[0m [goim/im.routeChat.func1:103] on connection
[90m[3585][0m [32m INFO[0m [goim/im.routeChat.func1:103] on connection
[90m[3842][0m [32m INFO[0m [goim/im.routeChat.func1.4:155] on disconnect
[90m[3842][0m [32m INFO[0m [goim/im.routeChat.func1.4:155] on disconnect
[90m[3843][0m [32m INFO[0m [goim/im.routeChat.func1:103] on connection
[90m[3844][0m [32m INFO[0m [goim/im.routeChat.func1:103] on connection
[90m[3847][0m [32m INFO[0m [goim/im.routeChat.func1.4:155] on disconnect
[90m[3847][0m [32m INFO[0m [goim/im.routeChat.func1:103] on connection
[90m[3851][0m [32m INFO[0m [goim/im.routeChat.func1.2:130] emit:{"uid":"999999","to":"888888","msg":"asdsa","msgType":1}
[90m[3858][0m [32m INFO[0m [goim/im.routeChat.func1.2:130] emit:{"uid":"999999","to":"888888","msg":"asd","msgType":1}
[90m[3862][0m [32m INFO[0m [goim/im.routeChat.func1.2:130] emit:{"uid":"888888","to":"999999","msg":"asdasd","msgType":1}
[90m[3864][0m [32m INFO[0m [goim/im.routeChat.func1.2:130] emit:{"uid":"888888","to":"999999","msg":"asd","msgType":1}
[90m[3872][0m [32m INFO[0m [goim/im.routeChat.func1.4:155] on disconnect
[90m[3873][0m [32m INFO[0m [goim/im.routeChat.func1:103] on connection
[90m[0002][0m [32m INFO[0m [goim/im.routeChat.func1:103] on connection
[90m[0004][0m [32m INFO[0m [goim/im.routeChat.func1:103] on connection
[90m[0007][0m [32m INFO[0m [goim/im.routeChat.func1.4:156] on disconnect
[90m[0008][0m [32m INFO[0m [goim/db.initMysql:29] mysql:root:admin@tcp(0.0.0.0:3307)/goim?charset=utf8
[90m[0008][0m [32m INFO[0m [goim/im.routeChat.func1:103] on connection
[90m[0008][0m [32m INFO[0m [goim/db.initMongo:28] mongo:%s0.0.0.0:27017
[90m[0024][0m [32m INFO[0m [goim/im.routeChat.func1.4:156] on disconnect
[90m[0025][0m [32m INFO[0m [goim/im.routeChat.func1:103] on connection
[90m[0038][0m [32m INFO[0m [goim/im.routeChat.func1.4:156] on disconnect
[90m[0038][0m [32m INFO[0m [goim/im.routeChat.func1.4:156] on disconnect
[90m[0039][0m [32m INFO[0m [goim/im.routeChat.func1:103] on connection
[90m[0039][0m [32m INFO[0m [goim/im.routeChat.func1:103] on connection
[90m[0043][0m [32m INFO[0m [goim/im.routeChat.func1.4:156] on disconnect
[90m[0043][0m [32m INFO[0m [goim/im.routeChat.func1.4:156] on disconnect
[90m[0043][0m [32m INFO[0m [goim/im.routeChat.func1:103] on connection
[90m[0043][0m [32m INFO[0m [goim/im.routeChat.func1:103] on connection
[90m[0060][0m [32m INFO[0m [goim/im.routeChat.func1.4:156] on disconnect
[90m[0060][0m [32m INFO[0m [goim/im.routeChat.func1.4:156] on disconnect
[90m[0061][0m [32m INFO[0m [goim/im.routeChat.func1:103] on connection
[90m[0061][0m [32m INFO[0m [goim/im.routeChat.func1:103] on connection
[90m[0070][0m [32m INFO[0m [goim/im.routeChat.func1.4:156] on disconnect
[90m[0070][0m [32m INFO[0m [goim/im.routeChat.func1:103] on connection
[90m[0080][0m [32m INFO[0m [goim/im.routeChat.func1.4:156] on disconnect
[90m[0080][0m [32m INFO[0m [goim/im.routeChat.func1.4:156] on disconnect
[90m[0086][0m [32m INFO[0m [goim/im.routeChat.func1:103] on connection
[90m[0089][0m [32m INFO[0m [goim/im.routeChat.func1.1:111] login:999999
[90m[0105][0m [32m INFO[0m [goim/im.routeChat.func1.4:156] on disconnect
[90m[0106][0m [32m INFO[0m [goim/im.routeChat.func1:103] on connection
[90m[0126][0m [32m INFO[0m [goim/im.routeChat.func1.2:131] emit:{"uid":"999999","to":"888888","msg":"asdasd","msgType":1}
[90m[0312][0m [32m INFO[0m [goim/im.routeChat.func1.4:156] on disconnect
[90m[0312][0m [32m INFO[0m [goim/im.routeChat.func1.4:156] on disconnect
[90m[0313][0m [32m INFO[0m [goim/im.routeChat.func1:103] on connection
[90m[0313][0m [32m INFO[0m [goim/im.routeChat.func1:103] on connection
[90m[0343][0m [32m INFO[0m [goim/im.routeChat.func1.4:156] on disconnect
[90m[0344][0m [32m INFO[0m [goim/im.routeChat.func1:103] on connection
[90m[0347][0m [32m INFO[0m [goim/im.routeChat.func1.4:156] on disconnect
[90m[0347][0m [32m INFO[0m [goim/im.routeChat.func1.1:111] login:999999
[90m[0347][0m [32m INFO[0m [goim/im.routeChat.func1:103] on connection
[90m[0351][0m [32m INFO[0m [goim/im.routeChat.func1.1:111] login:888888
[90m[0356][0m [32m INFO[0m [goim/im.routeChat.func1.2:131] emit:{"uid":"999999","to":"888888","msg":"asdas","msgType":1}
[90m[0361][0m [32m INFO[0m [goim/im.routeChat.func1.2:131] emit:{"uid":"888888","to":"999999","msg":"asdsa","msgType":1}
[90m[0364][0m [32m INFO[0m [goim/im.routeChat.func1.2:131] emit:{"uid":"999999","to":"888888","msg":"asdas","msgType":1}
[90m[0367][0m [32m INFO[0m [goim/im.routeChat.func1.4:156] on disconnect
[90m[0368][0m [32m INFO[0m [goim/im.routeChat.func1:103] on connection
[90m[0372][0m [32m INFO[0m [goim/im.routeChat.func1.1:111] login:999999
[90m[0378][0m [32m INFO[0m [goim/im.routeChat.func1.2:131] emit:{"uid":"999999","to":"888888","msg":"asdasd","msgType":1}
[90m[0383][0m [32m INFO[0m [goim/im.routeChat.func1.2:131] emit:{"uid":"888888","to":"999999","msg":"你好","msgType":1}
[90m[0389][0m [32m INFO[0m [goim/im.routeChat.func1.2:131] emit:{"uid":"999999","to":"888888","msg":"好啊","msgType":1}
[90m[0493][0m [32m INFO[0m [goim/im.routeChat.func1.4:156] on disconnect
[90m[0494][0m [32m INFO[0m [goim/im.routeChat.func1:103] on connection
[90m[0495][0m [32m INFO[0m [goim/im.routeChat.func1.1:111] login:999999
[90m[0502][0m [32m INFO[0m [goim/im.routeChat.func1.4:156] on disconnect
[90m[0503][0m [32m INFO[0m [goim/im.routeChat.func1:103] on connection
[90m[0505][0m [32m INFO[0m [goim/im.routeChat.func1.1:111] login:999999
[90m[0515][0m [32m INFO[0m [goim/im.routeChat.func1.4:156] on disconnect
[90m[0516][0m [32m INFO[0m [goim/im.routeChat.func1:103] on connection
[90m[0516][0m [32m INFO[0m [goim/im.routeChat.func1.1:111] login:999999
[90m[0587][0m [32m INFO[0m [goim/im.routeChat.func1.4:156] on disconnect
[90m[0588][0m [32m INFO[0m [goim/im.routeChat.func1:103] on connection
[90m[0588][0m [32m INFO[0m [goim/im.routeChat.func1.1:111] login:999999
[90m[0594][0m [32m INFO[0m [goim/im.routeChat.func1.2:131] emit:{"uid":"999999","to":"888888","msg":"asdsad","msgType":1}
[90m[0600][0m [32m INFO[0m [goim/im.routeChat.func1.2:131] emit:{"uid":"888888","to":"999999","msg":"asd","msgType":1}
[90m[0601][0m [32m INFO[0m [goim/im.routeChat.func1.2:131] emit:{"uid":"888888","to":"999999","msg":"asd","msgType":1}
[90m[0604][0m [32m INFO[0m [goim/im.routeChat.func1.2:131] emit:{"uid":"999999","to":"888888","msg":"asdasd","msgType":1}
[90m[0025][0m [32m INFO[0m [goim/db.initMysql:29] mysql:root:admin@tcp(0.0.0.0:3307)/goim?charset=utf8
[90m[0025][0m [32m INFO[0m [goim/db.initMongo:28] mongo:%s0.0.0.0:27017
[90m[0026][0m [32m INFO[0m [goim/im.routeChat.func1:103] on connection
[90m[0026][0m [32m INFO[0m [goim/im.routeChat.func1:103] on connection
[90m[0027][0m [32m INFO[0m [goim/im.routeChat.func1.1:111] login:888888
[90m[0027][0m [32m INFO[0m [goim/im.routeChat.func1.1:111] login:999999
[90m[0032][0m [32m INFO[0m [goim/im.routeChat.func1.4:156] on disconnect
[90m[0033][0m [32m INFO[0m [goim/im.routeChat.func1:103] on connection
[90m[0034][0m [32m INFO[0m [goim/im.routeChat.func1.1:111] login:999999
[90m[0111][0m [32m INFO[0m [goim/im.routeChat.func1.4:156] on disconnect
[90m[0111][0m [32m INFO[0m [goim/im.routeChat.func1.4:156] on disconnect
[90m[0112][0m [32m INFO[0m [goim/im.routeChat.func1:103] on connection
[90m[0112][0m [32m INFO[0m [goim/im.routeChat.func1.1:111] login:888888
[90m[0113][0m [32m INFO[0m [goim/im.routeChat.func1:103] on connection
[90m[0113][0m [32m INFO[0m [goim/im.routeChat.func1.1:111] login:999999
[90m[0133][0m [32m INFO[0m [goim/im.routeChat.func1.4:156] on disconnect
[90m[0133][0m [32m INFO[0m [goim/im.routeChat.func1:103] on connection
[90m[0134][0m [32m INFO[0m [goim/im.routeChat.func1.1:111] login:888888
[90m[0136][0m [32m INFO[0m [goim/im.routeChat.func1.4:156] on disconnect
[90m[0136][0m [32m INFO[0m [goim/im.routeChat.func1:103] on connection
[90m[0137][0m [32m INFO[0m [goim/im.routeChat.func1.1:111] login:888888
[90m[0138][0m [32m INFO[0m [goim/im.routeChat.func1.4:156] on disconnect
[90m[0139][0m [32m INFO[0m [goim/im.routeChat.func1:103] on connection
[90m[0139][0m [32m INFO[0m [goim/im.routeChat.func1.1:111] login:999999
[90m[0152][0m [32m INFO[0m [goim/im.routeChat.func1.4:156] on disconnect
[90m[0165][0m [32m INFO[0m [goim/im.routeChat.func1:103] on connection
[90m[0165][0m [32m INFO[0m [goim/im.routeChat.func1.1:111] login:999999
[90m[0181][0m [32m INFO[0m [goim/im.routeChat.func1.4:156] on disconnect
[90m[0182][0m [32m INFO[0m [goim/im.routeChat.func1:103] on connection
[90m[0182][0m [32m INFO[0m [goim/im.routeChat.func1.1:111] login:999999
[90m[0183][0m [32m INFO[0m [goim/im.routeChat.func1.4:156] on disconnect
[90m[0184][0m [32m INFO[0m [goim/im.routeChat.func1:103] on connection
[90m[0185][0m [32m INFO[0m [goim/im.routeChat.func1.1:111] login:999999
[90m[0191][0m [32m INFO[0m [goim/im.routeChat.func1.4:156] on disconnect
[90m[0192][0m [32m INFO[0m [goim/im.routeChat.func1:103] on connection
[90m[0192][0m [32m INFO[0m [goim/im.routeChat.func1.1:111] login:888888
[90m[0003][0m [32m INFO[0m [goim/db.initMysql:29] mysql:root:admin@tcp(0.0.0.0:3307)/goim?charset=utf8
[90m[0003][0m [32m INFO[0m [goim/im.routeChat.func1:103] on connection
[90m[0003][0m [32m INFO[0m [goim/db.initMongo:28] mongo:%s0.0.0.0:27017
[90m[0003][0m [32m INFO[0m [goim/im.routeChat.func1.1:111] login:999999
[90m[0009][0m [32m INFO[0m [goim/im.routeChat.func1:103] on connection
[90m[0010][0m [32m INFO[0m [goim/im.routeChat.func1.1:111] login:888888
[90m[0014][0m [32m INFO[0m [goim/im.routeChat.func1.4:156] on disconnect
[90m[0015][0m [32m INFO[0m [goim/im.routeChat.func1:103] on connection
[90m[0015][0m [32m INFO[0m [goim/im.routeChat.func1.1:111] login:999999
[90m[0018][0m [32m INFO[0m [goim/im.routeChat.func1.4:156] on disconnect
[90m[0019][0m [32m INFO[0m [goim/im.routeChat.func1:103] on connection
[90m[0019][0m [32m INFO[0m [goim/im.routeChat.func1.1:111] login:888888
[90m[0051][0m [32m INFO[0m [goim/db.initMysql:29] mysql:root:admin@tcp(0.0.0.0:3307)/goim?charset=utf8
[90m[0051][0m [32m INFO[0m [goim/db.initMongo:28] mongo:%s0.0.0.0:27017
[90m[0052][0m [32m INFO[0m [goim/im.routeChat.func1:103] on connection
[90m[0052][0m [32m INFO[0m [goim/im.routeChat.func1.1:111] login:888888
[90m[0053][0m [32m INFO[0m [goim/im.routeChat.func1:103] on connection
[90m[0053][0m [32m INFO[0m [goim/im.routeChat.func1.1:111] login:999999
[90m[0208][0m [32m INFO[0m [goim/im.routeChat.func1.2:132] on disconnect
[90m[0209][0m [32m INFO[0m [goim/im.routeChat.func1:103] on connection
[90m[0209][0m [32m INFO[0m [goim/im.routeChat.func1.1:111] login:999999
[90m[0209][0m [32m INFO[0m [goim/im.routeChat.func1.2:132] on disconnect
[90m[0210][0m [32m INFO[0m [goim/im.routeChat.func1:103] on connection
[90m[0210][0m [32m INFO[0m [goim/im.routeChat.func1.1:111] login:888888
[90m[0285][0m [32m INFO[0m [goim/im.routeChat.func1.2:132] on disconnect
[90m[0285][0m [32m INFO[0m [goim/im.routeChat.func1.2:132] on disconnect
[90m[0286][0m [32m INFO[0m [goim/im.routeChat.func1:103] on connection
[90m[0286][0m [32m INFO[0m [goim/im.routeChat.func1:103] on connection
[90m[0287][0m [32m INFO[0m [goim/im.routeChat.func1.1:111] login:888888
[90m[0287][0m [32m INFO[0m [goim/im.routeChat.func1.1:111] login:999999
[90m[0296][0m [32m INFO[0m [goim/im.routeChat.func1.2:132] on disconnect
[90m[0297][0m [32m INFO[0m [goim/im.routeChat.func1:103] on connection
[90m[0297][0m [32m INFO[0m [goim/im.routeChat.func1.1:111] login:888888
[90m[0301][0m [32m INFO[0m [goim/im.routeChat.func1.2:132] on disconnect
[90m[0302][0m [32m INFO[0m [goim/im.routeChat.func1:103] on connection
[90m[0303][0m [32m INFO[0m [goim/im.routeChat.func1.1:111] login:888888
[90m[0304][0m [32m INFO[0m [goim/im.routeChat.func1.2:132] on disconnect
[90m[0304][0m [32m INFO[0m [goim/im.routeChat.func1:103] on connection
[90m[0305][0m [32m INFO[0m [goim/im.routeChat.func1.1:111] login:888888
[90m[0335][0m [32m INFO[0m [goim/im.routeChat.func1.2:132] on disconnect
[90m[0338][0m [32m INFO[0m [goim/im.routeChat.func1:103] on connection
[90m[0347][0m [32m INFO[0m [goim/im.routeChat.func1.1:111] login:888888
[90m[0349][0m [32m INFO[0m [goim/im.routeChat.func1.2:132] on disconnect
[90m[0352][0m [32m INFO[0m [goim/im.routeChat.func1:103] on connection
[90m[0352][0m [32m INFO[0m [goim/im.routeChat.func1.1:111] login:888888
[90m[0005][0m [32m INFO[0m [goim/db.initMysql:29] mysql:root:admin@tcp(0.0.0.0:3307)/goim?charset=utf8
[90m[0005][0m [32m INFO[0m [goim/db.initMongo:28] mongo:%s0.0.0.0:27017
[90m[0006][0m [32m INFO[0m [goim/im.routeChat.func1:103] on connection
[90m[0006][0m [32m INFO[0m [goim/im.routeChat.func1.1:111] login:888888
[90m[0007][0m [32m INFO[0m [goim/im.routeChat.func1.2:132] on disconnect
[90m[0008][0m [32m INFO[0m [goim/im.routeChat.func1:103] on connection
[90m[0009][0m [32m INFO[0m [goim/im.routeChat.func1.1:111] login:888888
[90m[0011][0m [32m INFO[0m [goim/im.routeChat.func1:103] on connection
[90m[0012][0m [32m INFO[0m [goim/im.routeChat.func1.1:111] login:999999
[90m[0014][0m [32m INFO[0m [goim/im.routeChat.func1.2:132] on disconnect
[90m[0015][0m [32m INFO[0m [goim/im.routeChat.func1:103] on connection
[90m[0015][0m [32m INFO[0m [goim/im.routeChat.func1.1:111] login:888888
[90m[0018][0m [32m INFO[0m [goim/im.routeChat.func1.2:132] on disconnect
[90m[0019][0m [32m INFO[0m [goim/im.routeChat.func1:103] on connection
[90m[0019][0m [32m INFO[0m [goim/im.routeChat.func1.1:111] login:888888
[90m[0028][0m [32m INFO[0m [goim/im.routeChat.func1.2:132] on disconnect
[90m[0028][0m [32m INFO[0m [goim/im.routeChat.func1.2:132] on disconnect
[90m[0031][0m [32m INFO[0m [goim/im.routeChat.func1:103] on connection
[90m[0031][0m [32m INFO[0m [goim/im.routeChat.func1.1:111] login:aaaaa
[90m[0031][0m [32m INFO[0m [goim/im.routeChat.func1.2:132] on disconnect
[90m[0033][0m [32m INFO[0m [goim/im.routeChat.func1:103] on connection
[90m[0034][0m [32m INFO[0m [goim/im.routeChat.func1.1:111] login:aaaaa
[90m[0034][0m [32m INFO[0m [goim/im.routeChat.func1.2:132] on disconnect
[90m[0041][0m [32m INFO[0m [goim/im.routeChat.func1:103] on connection
[90m[0041][0m [32m INFO[0m [goim/im.routeChat.func1.1:111] login:888888
[90m[0047][0m [32m INFO[0m [goim/im.routeChat.func1.2:132] on disconnect
[90m[0047][0m [32m INFO[0m [goim/im.routeChat.func1.2:132] on disconnect
[90m[0048][0m [32m INFO[0m [goim/im.routeChat.func1:103] on connection
[90m[0049][0m [32m INFO[0m [goim/im.routeChat.func1.1:111] login:324394
[90m[0053][0m [32m INFO[0m [goim/im.routeChat.func1.2:132] on disconnect
[90m[0054][0m [32m INFO[0m [goim/im.routeChat.func1:103] on connection
[90m[0054][0m [32m INFO[0m [goim/im.routeChat.func1.1:111] login:324394
[90m[0065][0m [32m INFO[0m [goim/im.routeChat.func1.2:132] on disconnect
[90m[0065][0m [32m INFO[0m [goim/im.routeChat.func1.2:132] on disconnect
[90m[0066][0m [32m INFO[0m [goim/im.routeChat.func1:103] on connection
[90m[0066][0m [32m INFO[0m [goim/im.routeChat.func1.1:111] login:324394
[90m[0067][0m [32m INFO[0m [goim/im.routeChat.func1:103] on connection
[90m[0067][0m [32m INFO[0m [goim/im.routeChat.func1.1:111] login:999999
[90m[0093][0m [32m INFO[0m [goim/im.routeChat.func1.2:132] on disconnect
[90m[0094][0m [32m INFO[0m [goim/im.routeChat.func1.2:132] on disconnect
[90m[0094][0m [32m INFO[0m [goim/im.routeChat.func1:103] on connection
[90m[0095][0m [32m INFO[0m [goim/im.routeChat.func1.1:111] login:999999
[90m[0095][0m [32m INFO[0m [goim/im.routeChat.func1:103] on connection
[90m[0096][0m [32m INFO[0m [goim/im.routeChat.func1.1:111] login:324394
[90m[0099][0m [32m INFO[0m [goim/im.routeChat.func1.2:132] on disconnect
[90m[0100][0m [32m INFO[0m [goim/im.routeChat.func1:103] on connection
[90m[0100][0m [32m INFO[0m [goim/im.routeChat.func1.1:111] login:324394
[90m[0106][0m [32m INFO[0m [goim/im.routeChat.func1.2:132] on disconnect
[90m[0107][0m [32m INFO[0m [goim/im.routeChat.func1:103] on connection
[90m[0108][0m [32m INFO[0m [goim/im.routeChat.func1.1:111] login:324394
[90m[0041][0m [32m INFO[0m [goim/db.initMysql:29] mysql:root:admin@tcp(0.0.0.0:3307)/goim?charset=utf8
[90m[0041][0m [32m INFO[0m [goim/db.initMongo:28] mongo:%s0.0.0.0:27017
[90m[0041][0m [32m INFO[0m [goim/im.routeChat.func1:103] on connection
[90m[0042][0m [32m INFO[0m [goim/im.routeChat.func1.1:111] login:324394
[90m[0055][0m [32m INFO[0m [goim/im.routeChat.func1:103] on connection
[90m[0055][0m [32m INFO[0m [goim/im.routeChat.func1.1:111] login:999999
[90m[0056][0m [32m INFO[0m [goim/db.initMysql:29] mysql:root:admin@tcp(0.0.0.0:3307)/goim?charset=utf8
[90m[0056][0m [32m INFO[0m [goim/im.routeChat.func1:103] on connection
[90m[0056][0m [32m INFO[0m [goim/db.initMongo:28] mongo:%s0.0.0.0:27017
[90m[0056][0m [32m INFO[0m [goim/im.routeChat.func1.1:111] login:999999
[90m[0056][0m [32m INFO[0m [goim/im.routeChat.func1.2:132] on disconnect
[90m[0005][0m [32m INFO[0m [goim/db.initMysql:29] mysql:root:admin@tcp(0.0.0.0:3307)/goim?charset=utf8
[90m[0005][0m [32m INFO[0m [goim/db.initMongo:28] mongo:%s0.0.0.0:27017
[90m[0005][0m [32m INFO[0m [goim/im.routeChat.func1:103] on connection
[90m[0005][0m [32m INFO[0m [goim/im.routeChat.func1.1:111] login:999999
[90m[0012][0m [32m INFO[0m [goim/im.routeChat.func1.2:132] on disconnect
[90m[0003][0m [32m INFO[0m [goim/db.initMysql:29] mysql:root:admin@tcp(0.0.0.0:3307)/goim?charset=utf8
[90m[0003][0m [32m INFO[0m [goim/db.initMongo:28] mongo:%s0.0.0.0:27017
[90m[0003][0m [32m INFO[0m [goim/im.routeChat.func1:103] on connection
[90m[0004][0m [32m INFO[0m [goim/im.routeChat.func1.1:111] login:999999
[90m[0022][0m [32m INFO[0m [goim/im.routeChat.func1.2:132] on disconnect
[90m[0005][0m [32m INFO[0m [goim/db.initMysql:29] mysql:root:admin@tcp(0.0.0.0:3307)/goim?charset=utf8
[90m[0005][0m [32m INFO[0m [goim/im.routeChat.func1:103] on connection
[90m[0005][0m [32m INFO[0m [goim/db.initMongo:28] mongo:%s0.0.0.0:27017
[90m[0005][0m [32m INFO[0m [goim/im.routeChat.func1.1:111] login:999999
[90m[0012][0m [32m INFO[0m [goim/im.routeChat.func1.2:132] on disconnect
[90m[0020][0m [32m INFO[0m [goim/db.initMysql:29] mysql:root:admin@tcp(0.0.0.0:3307)/goim?charset=utf8
[90m[0020][0m [32m INFO[0m [goim/im.routeChat.func1:103] on connection
[90m[0020][0m [32m INFO[0m [goim/db.initMongo:28] mongo:%s0.0.0.0:27017
[90m[0020][0m [32m INFO[0m [goim/im.routeChat.func1.1:111] login:999999
[90m[0041][0m [32m INFO[0m [goim/im.routeChat.func1:103] on connection
[90m[0042][0m [32m INFO[0m [goim/im.routeChat.func1.1:111] login:324394
[90m[0047][0m [32m INFO[0m [goim/im.routeChat.func1.2:132] on disconnect
[90m[0049][0m [32m INFO[0m [goim/im.routeChat.func1:103] on connection
[90m[0049][0m [32m INFO[0m [goim/im.routeChat.func1.1:111] login:999999
[90m[0054][0m [32m INFO[0m [goim/im.routeChat.func1.2:132] on disconnect
[90m[0054][0m [32m INFO[0m [goim/im.routeChat.func1:103] on connection
[90m[0055][0m [32m INFO[0m [goim/im.routeChat.func1.1:111] login:324394
[90m[0061][0m [32m INFO[0m [goim/im.routeChat.func1.2:132] on disconnect
[90m[0066][0m [32m INFO[0m [goim/im.routeChat.func1.2:132] on disconnect
[90m[0066][0m [32m INFO[0m [goim/im.routeChat.func1.2:132] on disconnect
[90m[0068][0m [32m INFO[0m [goim/im.routeChat.func1:103] on connection
[90m[0068][0m [32m INFO[0m [goim/im.routeChat.func1.1:111] login:888888
[90m[0085][0m [32m INFO[0m [goim/im.routeChat.func1:103] on connection
[90m[0085][0m [32m INFO[0m [goim/im.routeChat.func1.1:111] login:999999
[90m[0096][0m [32m INFO[0m [goim/im.routeChat.func1.2:132] on disconnect
[90m[0096][0m [32m INFO[0m [goim/im.routeChat.func1:103] on connection
[90m[0097][0m [32m INFO[0m [goim/im.routeChat.func1.1:111] login:999999
[90m[0099][0m [32m INFO[0m [goim/im.routeChat.func1.2:132] on disconnect
[90m[0100][0m [32m INFO[0m [goim/im.routeChat.func1:103] on connection
[90m[0100][0m [32m INFO[0m [goim/im.routeChat.func1.1:111] login:999999
[90m[0103][0m [32m INFO[0m [goim/im.routeChat.func1.2:132] on disconnect
[90m[0104][0m [32m INFO[0m [goim/im.routeChat.func1:103] on connection
[90m[0104][0m [32m INFO[0m [goim/im.routeChat.func1.1:111] login:888888
[90m[0106][0m [32m INFO[0m [goim/im.routeChat.func1.2:132] on disconnect
[90m[0107][0m [32m INFO[0m [goim/im.routeChat.func1:103] on connection
[90m[0107][0m [32m INFO[0m [goim/im.routeChat.func1.1:111] login:888888
[90m[0231][0m [32m INFO[0m [goim/im.routeChat.func1.3:139] emit:{"uid":"999999","to":"888888","msg":"sdas","msgType":1}
[90m[0244][0m [32m INFO[0m [goim/im.routeChat.func1.3:139] emit:{"uid":"888888","to":"999999","msg":"asdsa","msgType":1}
[90m[0247][0m [32m INFO[0m [goim/im.routeChat.func1.3:139] emit:{"uid":"999999","to":"888888","msg":"asd","msgType":1}
[90m[0293][0m [32m INFO[0m [goim/im.routeChat.func1.2:132] on disconnect
[90m[0293][0m [32m INFO[0m [goim/im.routeChat.func1.2:132] on disconnect
[90m[0298][0m [32m INFO[0m [goim/im.routeChat.func1:103] on connection
[90m[0298][0m [32m INFO[0m [goim/im.routeChat.func1.1:111] login:888888
[90m[0967][0m [32m INFO[0m [goim/im.routeChat.func1.2:132] on disconnect
[90m[0967][0m [32m INFO[0m [goim/im.routeChat.func1.2:132] on disconnect
[90m[0970][0m [32m INFO[0m [goim/im.routeChat.func1:103] on connection
[90m[0971][0m [32m INFO[0m [goim/im.routeChat.func1.1:111] login:393554
[90m[0974][0m [32m INFO[0m [goim/im.routeChat.func1.2:132] on disconnect
[90m[0975][0m [32m INFO[0m [goim/im.routeChat.func1:103] on connection
[90m[0976][0m [32m INFO[0m [goim/im.routeChat.func1.1:111] login:888888
[90m[0998][0m [32m INFO[0m [goim/im.routeChat.func1.2:132] on disconnect
[90m[0998][0m [32m INFO[0m [goim/im.routeChat.func1.2:132] on disconnect
[90m[1001][0m [32m INFO[0m [goim/im.routeChat.func1:103] on connection
[90m[1002][0m [32m INFO[0m [goim/im.routeChat.func1.1:111] login:393554
[90m[0006][0m [32m INFO[0m [goim/db.initMysql:29] mysql:root:admin@tcp(0.0.0.0:3307)/goim?charset=utf8
[90m[0006][0m [32m INFO[0m [goim/im.routeChat.func1:103] on connection
[90m[0006][0m [32m INFO[0m [goim/db.initMongo:28] mongo:%s0.0.0.0:27017
[90m[0006][0m [32m INFO[0m [goim/im.routeChat.func1:103] on connection
[90m[0006][0m [32m INFO[0m [goim/im.routeChat.func1.1:111] login:393554
[90m[0007][0m [32m INFO[0m [goim/im.routeChat.func1.1:111] login:888888
[90m[0018][0m [32m INFO[0m [goim/im.routeChat.func1.2:132] on disconnect
[90m[0018][0m [32m INFO[0m [goim/im.routeChat.func1:103] on connection
[90m[0019][0m [32m INFO[0m [goim/im.routeChat.func1.1:111] login:888888
[90m[0019][0m [32m INFO[0m [goim/im.routeChat.func1.2:132] on disconnect
[90m[0020][0m [32m INFO[0m [goim/im.routeChat.func1:103] on connection
[90m[0020][0m [32m INFO[0m [goim/im.routeChat.func1.1:111] login:888888
[90m[0022][0m [32m INFO[0m [goim/im.routeChat.func1.2:132] on disconnect
[90m[0023][0m [32m INFO[0m [goim/im.routeChat.func1:103] on connection
[90m[0023][0m [32m INFO[0m [goim/im.routeChat.func1.1:111] login:393554
[90m[0074][0m [32m INFO[0m [goim/im.routeChat.func1.2:132] on disconnect
[90m[0074][0m [32m INFO[0m [goim/im.routeChat.func1.2:132] on disconnect
[90m[0075][0m [32m INFO[0m [goim/im.routeChat.func1:103] on connection
[90m[0076][0m [32m INFO[0m [goim/im.routeChat.func1.1:111] login:393554
[90m[0076][0m [32m INFO[0m [goim/im.routeChat.func1:103] on connection
[90m[0076][0m [32m INFO[0m [goim/im.routeChat.func1.1:111] login:888888
[90m[0004][0m [32m INFO[0m [goim/db.initMysql:29] mysql:root:admin@tcp(0.0.0.0:3307)/goim?charset=utf8
[90m[0004][0m [32m INFO[0m [goim/db.initMongo:28] mongo:%s0.0.0.0:27017
[90m[0004][0m [32m INFO[0m [goim/im.routeChat.func1:103] on connection
[90m[0004][0m [32m INFO[0m [goim/im.routeChat.func1.1:111] login:888888
[90m[0009][0m [32m INFO[0m [goim/im.routeChat.func1.2:132] on disconnect
[90m[0010][0m [32m INFO[0m [goim/im.routeChat.func1:103] on connection
[90m[0011][0m [32m INFO[0m [goim/im.routeChat.func1.1:111] login:888888
[90m[0016][0m [32m INFO[0m [goim/im.routeChat.func1:103] on connection
[90m[0016][0m [32m INFO[0m [goim/im.routeChat.func1.1:111] login:393554
[90m[0004][0m [32m INFO[0m [goim/db.initMongo:28] mongo:%s0.0.0.0:27017
[90m[0004][0m [32m INFO[0m [goim/db.initMysql:29] mysql:root:admin@tcp(0.0.0.0:3307)/goim?charset=utf8
[90m[0010][0m [32m INFO[0m [goim/im.FindUser:131] false
[90m[0013][0m [32m INFO[0m [goim/im.FindUser:131] false
[90m[0013][0m [32m INFO[0m [goim/im.FindUser:131] false
[90m[0015][0m [32m INFO[0m [goim/im.FindUser:131] false
[90m[0015][0m [32m INFO[0m [goim/im.FindUser:131] false
[90m[0029][0m [32m INFO[0m [goim/im.FindUser:131] false
[90m[0029][0m [32m INFO[0m [goim/im.FindUser:131] false
[90m[0030][0m [32m INFO[0m [goim/im.FindUser:131] false
[90m[0031][0m [32m INFO[0m [goim/im.FindUser:131] false
[90m[0041][0m [32m INFO[0m [goim/im.FindUser:131] false
[90m[0048][0m [32m INFO[0m [goim/im.routeChat.func1:103] on connection
[90m[0049][0m [32m INFO[0m [goim/im.routeChat.func1.1:111] login:888888
[90m[0051][0m [32m INFO[0m [goim/im.routeChat.func1.2:132] on disconnect
[90m[0051][0m [32m INFO[0m [goim/im.routeChat.func1:103] on connection
[90m[0052][0m [32m INFO[0m [goim/im.routeChat.func1.1:111] login:888888
[90m[0059][0m [32m INFO[0m [goim/im.routeChat.func1:103] on connection
[90m[0060][0m [32m INFO[0m [goim/im.routeChat.func1.1:111] login:393554
[90m[0072][0m [32m INFO[0m [goim/im.FindUser:131] false
[90m[0087][0m [32m INFO[0m [goim/im.FindUser:131] false
[90m[0089][0m [32m INFO[0m [goim/im.FindUser:131] true
[90m[0093][0m [32m INFO[0m [goim/im.FindUser:131] true
[90m[0094][0m [32m INFO[0m [goim/im.FindUser:131] false
[90m[0097][0m [32m INFO[0m [goim/im.FindUser:131] false
[90m[0097][0m [32m INFO[0m [goim/im.FindUser:131] false
[90m[0097][0m [32m INFO[0m [goim/im.FindUser:131] true
[90m[0097][0m [32m INFO[0m [goim/im.FindUser:131] true
[90m[0097][0m [32m INFO[0m [goim/im.FindUser:131] false
[90m[0108][0m [32m INFO[0m [goim/im.FindUser:131] false
[90m[0108][0m [32m INFO[0m [goim/im.FindUser:131] false
[90m[0108][0m [32m INFO[0m [goim/im.FindUser:131] true
[90m[0108][0m [32m INFO[0m [goim/im.FindUser:131] true
[90m[0108][0m [32m INFO[0m [goim/im.FindUser:131] false
[90m[0004][0m [32m INFO[0m [goim/db.initMongo:28] mongo:%s0.0.0.0:27017
[90m[0004][0m [32m INFO[0m [goim/db.initMysql:29] mysql:root:admin@tcp(0.0.0.0:3307)/goim?charset=utf8
[90m[0008][0m [32m INFO[0m [goim/im.routeChat.func1:103] on connection
[90m[0008][0m [32m INFO[0m [goim/im.routeChat.func1.1:111] login:888888
[90m[0022][0m [32m INFO[0m [goim/db.initMysql:29] mysql:root:admin@tcp(0.0.0.0:3307)/goim?charset=utf8
[90m[0022][0m [32m INFO[0m [goim/im.routeChat.func1:103] on connection
[90m[0022][0m [32m INFO[0m [goim/db.initMongo:28] mongo:%s0.0.0.0:27017
[90m[0022][0m [32m INFO[0m [goim/im.routeChat.func1.1:111] login:888888
[90m[0036][0m [32m INFO[0m [goim/db.initMongo:28] mongo:%s0.0.0.0:27017
[90m[0036][0m [32m INFO[0m [goim/db.initMysql:29] mysql:root:admin@tcp(0.0.0.0:3307)/goim?charset=utf8
[90m[0039][0m [32m INFO[0m [goim/im.routeChat.func1:103] on connection
[90m[0040][0m [32m INFO[0m [goim/im.routeChat.func1.1:111] login:888888
